{"/Users/daniel/projects/seqcode/src/call.js": {"path":"/Users/daniel/projects/seqcode/src/call.js","all":false,"statementMap":{"2":{"start":{"line":3,"column":0},"end":{"line":3,"column":19}},"4":{"start":{"line":5,"column":0},"end":{"line":5,"column":49}},"5":{"start":{"line":6,"column":0},"end":{"line":6,"column":29}},"7":{"start":{"line":8,"column":0},"end":{"line":8,"column":25}},"8":{"start":{"line":9,"column":0},"end":{"line":9,"column":29}},"9":{"start":{"line":10,"column":0},"end":{"line":10,"column":59}},"10":{"start":{"line":11,"column":0},"end":{"line":11,"column":67}},"11":{"start":{"line":12,"column":0},"end":{"line":12,"column":29}},"12":{"start":{"line":13,"column":0},"end":{"line":13,"column":23}},"13":{"start":{"line":14,"column":0},"end":{"line":14,"column":3}},"15":{"start":{"line":16,"column":0},"end":{"line":16,"column":1}}},"s":{"2":1,"4":1,"5":118,"7":118,"8":118,"9":118,"10":118,"11":118,"12":118,"13":118,"15":1},"branchMap":{"0":{"type":"branch","line":5,"loc":{"start":{"line":5,"column":2},"end":{"line":14,"column":3}},"locations":[{"start":{"line":5,"column":2},"end":{"line":14,"column":3}}]},"1":{"type":"branch","line":10,"loc":{"start":{"line":10,"column":48},"end":{"line":10,"column":58}},"locations":[{"start":{"line":10,"column":48},"end":{"line":10,"column":58}}]},"2":{"type":"branch","line":11,"loc":{"start":{"line":11,"column":54},"end":{"line":11,"column":66}},"locations":[{"start":{"line":11,"column":54},"end":{"line":11,"column":66}}]}},"b":{"0":[118],"1":[0],"2":[0]},"fnMap":{"0":{"name":"Call","decl":{"start":{"line":5,"column":2},"end":{"line":14,"column":3}},"loc":{"start":{"line":5,"column":2},"end":{"line":14,"column":3}},"line":5}},"f":{"0":118}}
,"/Users/daniel/projects/seqcode/src/graph.js": {"path":"/Users/daniel/projects/seqcode/src/graph.js","all":false,"statementMap":{"0":{"start":{"line":1,"column":0},"end":{"line":1,"column":56}},"1":{"start":{"line":2,"column":0},"end":{"line":2,"column":65}},"2":{"start":{"line":3,"column":0},"end":{"line":3,"column":3}},"4":{"start":{"line":5,"column":0},"end":{"line":5,"column":54}},"5":{"start":{"line":6,"column":0},"end":{"line":6,"column":70}},"6":{"start":{"line":7,"column":0},"end":{"line":7,"column":48}},"7":{"start":{"line":8,"column":0},"end":{"line":8,"column":44}},"8":{"start":{"line":9,"column":0},"end":{"line":9,"column":47}},"9":{"start":{"line":10,"column":0},"end":{"line":10,"column":74}},"11":{"start":{"line":12,"column":0},"end":{"line":12,"column":20}},"13":{"start":{"line":14,"column":0},"end":{"line":14,"column":43}},"15":{"start":{"line":16,"column":0},"end":{"line":16,"column":21}},"16":{"start":{"line":17,"column":0},"end":{"line":17,"column":19}},"17":{"start":{"line":18,"column":0},"end":{"line":18,"column":25}},"18":{"start":{"line":19,"column":0},"end":{"line":19,"column":19}},"19":{"start":{"line":20,"column":0},"end":{"line":20,"column":34}},"20":{"start":{"line":21,"column":0},"end":{"line":21,"column":69}},"22":{"start":{"line":23,"column":0},"end":{"line":23,"column":18}},"23":{"start":{"line":24,"column":0},"end":{"line":24,"column":18}},"24":{"start":{"line":25,"column":0},"end":{"line":25,"column":26}},"25":{"start":{"line":26,"column":0},"end":{"line":26,"column":20}},"27":{"start":{"line":28,"column":0},"end":{"line":28,"column":20}},"28":{"start":{"line":29,"column":0},"end":{"line":29,"column":21}},"29":{"start":{"line":30,"column":0},"end":{"line":30,"column":27}},"30":{"start":{"line":31,"column":0},"end":{"line":31,"column":18}},"31":{"start":{"line":32,"column":0},"end":{"line":32,"column":16}},"32":{"start":{"line":33,"column":0},"end":{"line":33,"column":21}},"34":{"start":{"line":35,"column":0},"end":{"line":35,"column":43}},"35":{"start":{"line":36,"column":0},"end":{"line":36,"column":25}},"36":{"start":{"line":37,"column":0},"end":{"line":37,"column":30}},"37":{"start":{"line":38,"column":0},"end":{"line":38,"column":27}},"38":{"start":{"line":39,"column":0},"end":{"line":39,"column":35}},"39":{"start":{"line":40,"column":0},"end":{"line":40,"column":5}},"40":{"start":{"line":41,"column":0},"end":{"line":41,"column":3}},"42":{"start":{"line":43,"column":0},"end":{"line":43,"column":19}},"44":{"start":{"line":45,"column":0},"end":{"line":45,"column":26}},"46":{"start":{"line":47,"column":0},"end":{"line":47,"column":39}},"47":{"start":{"line":48,"column":0},"end":{"line":48,"column":75}},"49":{"start":{"line":50,"column":0},"end":{"line":50,"column":58}},"50":{"start":{"line":51,"column":0},"end":{"line":51,"column":38}},"52":{"start":{"line":53,"column":0},"end":{"line":53,"column":59}},"53":{"start":{"line":54,"column":0},"end":{"line":54,"column":29}},"54":{"start":{"line":55,"column":0},"end":{"line":55,"column":49}},"55":{"start":{"line":56,"column":0},"end":{"line":56,"column":54}},"56":{"start":{"line":57,"column":0},"end":{"line":57,"column":85}},"57":{"start":{"line":58,"column":0},"end":{"line":58,"column":27}},"58":{"start":{"line":59,"column":0},"end":{"line":59,"column":11}},"59":{"start":{"line":60,"column":0},"end":{"line":60,"column":9}},"61":{"start":{"line":62,"column":0},"end":{"line":62,"column":98}},"62":{"start":{"line":63,"column":0},"end":{"line":63,"column":92}},"63":{"start":{"line":64,"column":0},"end":{"line":64,"column":9}},"64":{"start":{"line":65,"column":0},"end":{"line":65,"column":14}},"65":{"start":{"line":66,"column":0},"end":{"line":66,"column":82}},"66":{"start":{"line":67,"column":0},"end":{"line":67,"column":7}},"67":{"start":{"line":68,"column":0},"end":{"line":68,"column":5}},"69":{"start":{"line":70,"column":0},"end":{"line":70,"column":25}},"70":{"start":{"line":71,"column":0},"end":{"line":71,"column":39}},"71":{"start":{"line":72,"column":0},"end":{"line":72,"column":61}},"72":{"start":{"line":73,"column":0},"end":{"line":73,"column":63}},"73":{"start":{"line":74,"column":0},"end":{"line":74,"column":34}},"74":{"start":{"line":75,"column":0},"end":{"line":75,"column":67}},"75":{"start":{"line":76,"column":0},"end":{"line":76,"column":32}},"76":{"start":{"line":77,"column":0},"end":{"line":77,"column":76}},"77":{"start":{"line":78,"column":0},"end":{"line":78,"column":11}},"78":{"start":{"line":79,"column":0},"end":{"line":79,"column":44}},"79":{"start":{"line":80,"column":0},"end":{"line":80,"column":70}},"80":{"start":{"line":81,"column":0},"end":{"line":81,"column":74}},"81":{"start":{"line":82,"column":0},"end":{"line":82,"column":43}},"82":{"start":{"line":83,"column":0},"end":{"line":83,"column":69}},"83":{"start":{"line":84,"column":0},"end":{"line":84,"column":74}},"84":{"start":{"line":85,"column":0},"end":{"line":85,"column":42}},"85":{"start":{"line":86,"column":0},"end":{"line":86,"column":68}},"86":{"start":{"line":87,"column":0},"end":{"line":87,"column":74}},"87":{"start":{"line":88,"column":0},"end":{"line":88,"column":16}},"88":{"start":{"line":89,"column":0},"end":{"line":89,"column":44}},"89":{"start":{"line":90,"column":0},"end":{"line":90,"column":47}},"91":{"start":{"line":92,"column":0},"end":{"line":92,"column":110}},"92":{"start":{"line":93,"column":0},"end":{"line":93,"column":9}},"93":{"start":{"line":94,"column":0},"end":{"line":94,"column":8}},"94":{"start":{"line":95,"column":0},"end":{"line":95,"column":39}},"95":{"start":{"line":96,"column":0},"end":{"line":96,"column":56}},"96":{"start":{"line":97,"column":0},"end":{"line":97,"column":27}},"97":{"start":{"line":98,"column":0},"end":{"line":98,"column":9}},"98":{"start":{"line":99,"column":0},"end":{"line":99,"column":58}},"99":{"start":{"line":100,"column":0},"end":{"line":100,"column":38}},"100":{"start":{"line":101,"column":0},"end":{"line":101,"column":40}},"101":{"start":{"line":102,"column":0},"end":{"line":102,"column":32}},"102":{"start":{"line":103,"column":0},"end":{"line":103,"column":49}},"103":{"start":{"line":104,"column":0},"end":{"line":104,"column":65}},"104":{"start":{"line":105,"column":0},"end":{"line":105,"column":53}},"105":{"start":{"line":106,"column":0},"end":{"line":106,"column":32}},"106":{"start":{"line":107,"column":0},"end":{"line":107,"column":11}},"107":{"start":{"line":108,"column":0},"end":{"line":108,"column":9}},"108":{"start":{"line":109,"column":0},"end":{"line":109,"column":14}},"109":{"start":{"line":110,"column":0},"end":{"line":110,"column":25}},"110":{"start":{"line":111,"column":0},"end":{"line":111,"column":7}},"111":{"start":{"line":112,"column":0},"end":{"line":112,"column":5}},"113":{"start":{"line":114,"column":0},"end":{"line":114,"column":43}},"114":{"start":{"line":115,"column":0},"end":{"line":115,"column":68}},"115":{"start":{"line":116,"column":0},"end":{"line":116,"column":25}},"116":{"start":{"line":117,"column":0},"end":{"line":117,"column":30}},"117":{"start":{"line":118,"column":0},"end":{"line":118,"column":25}},"118":{"start":{"line":119,"column":0},"end":{"line":119,"column":27}},"119":{"start":{"line":120,"column":0},"end":{"line":120,"column":36}},"120":{"start":{"line":121,"column":0},"end":{"line":121,"column":34}},"121":{"start":{"line":122,"column":0},"end":{"line":122,"column":35}},"122":{"start":{"line":123,"column":0},"end":{"line":123,"column":5}},"123":{"start":{"line":124,"column":0},"end":{"line":124,"column":3}},"125":{"start":{"line":126,"column":0},"end":{"line":126,"column":27}},"127":{"start":{"line":128,"column":0},"end":{"line":128,"column":29}},"129":{"start":{"line":130,"column":0},"end":{"line":130,"column":30}},"131":{"start":{"line":132,"column":0},"end":{"line":132,"column":22}},"132":{"start":{"line":133,"column":0},"end":{"line":133,"column":28}},"133":{"start":{"line":134,"column":0},"end":{"line":134,"column":35}},"134":{"start":{"line":135,"column":0},"end":{"line":135,"column":37}},"136":{"start":{"line":137,"column":0},"end":{"line":137,"column":59}},"137":{"start":{"line":138,"column":0},"end":{"line":138,"column":62}},"139":{"start":{"line":140,"column":0},"end":{"line":140,"column":106}},"140":{"start":{"line":141,"column":0},"end":{"line":141,"column":110}},"142":{"start":{"line":143,"column":0},"end":{"line":143,"column":42}},"143":{"start":{"line":144,"column":0},"end":{"line":144,"column":51}},"145":{"start":{"line":146,"column":0},"end":{"line":146,"column":75}},"146":{"start":{"line":147,"column":0},"end":{"line":147,"column":94}},"147":{"start":{"line":148,"column":0},"end":{"line":148,"column":3}},"149":{"start":{"line":150,"column":0},"end":{"line":150,"column":28}},"150":{"start":{"line":151,"column":0},"end":{"line":151,"column":47}},"151":{"start":{"line":152,"column":0},"end":{"line":152,"column":32}},"152":{"start":{"line":153,"column":0},"end":{"line":153,"column":5}},"154":{"start":{"line":155,"column":0},"end":{"line":155,"column":19}},"155":{"start":{"line":156,"column":0},"end":{"line":156,"column":3}},"157":{"start":{"line":158,"column":0},"end":{"line":158,"column":28}},"159":{"start":{"line":160,"column":0},"end":{"line":160,"column":20}},"160":{"start":{"line":161,"column":0},"end":{"line":161,"column":23}},"161":{"start":{"line":162,"column":0},"end":{"line":162,"column":19}},"162":{"start":{"line":163,"column":0},"end":{"line":163,"column":21}},"163":{"start":{"line":164,"column":0},"end":{"line":164,"column":22}},"165":{"start":{"line":166,"column":0},"end":{"line":166,"column":43}},"166":{"start":{"line":167,"column":0},"end":{"line":167,"column":20}},"167":{"start":{"line":168,"column":0},"end":{"line":168,"column":41}},"168":{"start":{"line":169,"column":0},"end":{"line":169,"column":43}},"170":{"start":{"line":171,"column":0},"end":{"line":171,"column":25}},"171":{"start":{"line":172,"column":0},"end":{"line":172,"column":49}},"172":{"start":{"line":173,"column":0},"end":{"line":173,"column":14}},"173":{"start":{"line":174,"column":0},"end":{"line":174,"column":75}},"174":{"start":{"line":175,"column":0},"end":{"line":175,"column":7}},"175":{"start":{"line":176,"column":0},"end":{"line":176,"column":17}},"176":{"start":{"line":177,"column":0},"end":{"line":177,"column":37}},"177":{"start":{"line":178,"column":0},"end":{"line":178,"column":5}},"179":{"start":{"line":180,"column":0},"end":{"line":180,"column":53}},"180":{"start":{"line":181,"column":0},"end":{"line":181,"column":3}},"182":{"start":{"line":183,"column":0},"end":{"line":183,"column":26}},"183":{"start":{"line":184,"column":0},"end":{"line":184,"column":31}},"185":{"start":{"line":186,"column":0},"end":{"line":186,"column":44}},"186":{"start":{"line":187,"column":0},"end":{"line":187,"column":24}},"187":{"start":{"line":188,"column":0},"end":{"line":188,"column":26}},"188":{"start":{"line":189,"column":0},"end":{"line":189,"column":71}},"189":{"start":{"line":190,"column":0},"end":{"line":190,"column":71}},"190":{"start":{"line":191,"column":0},"end":{"line":191,"column":7}},"191":{"start":{"line":192,"column":0},"end":{"line":192,"column":5}},"193":{"start":{"line":194,"column":0},"end":{"line":194,"column":15}},"194":{"start":{"line":195,"column":0},"end":{"line":195,"column":3}},"196":{"start":{"line":197,"column":0},"end":{"line":197,"column":26}},"198":{"start":{"line":199,"column":0},"end":{"line":199,"column":44}},"199":{"start":{"line":200,"column":0},"end":{"line":200,"column":23}},"201":{"start":{"line":202,"column":0},"end":{"line":202,"column":33}},"202":{"start":{"line":203,"column":0},"end":{"line":203,"column":35}},"203":{"start":{"line":204,"column":0},"end":{"line":204,"column":32}},"205":{"start":{"line":206,"column":0},"end":{"line":206,"column":48}},"206":{"start":{"line":207,"column":0},"end":{"line":207,"column":34}},"208":{"start":{"line":209,"column":0},"end":{"line":209,"column":25}},"209":{"start":{"line":210,"column":0},"end":{"line":210,"column":29}},"210":{"start":{"line":211,"column":0},"end":{"line":211,"column":31}},"211":{"start":{"line":212,"column":0},"end":{"line":212,"column":32}},"212":{"start":{"line":213,"column":0},"end":{"line":213,"column":7}},"214":{"start":{"line":215,"column":0},"end":{"line":215,"column":55}},"215":{"start":{"line":216,"column":0},"end":{"line":216,"column":77}},"217":{"start":{"line":218,"column":0},"end":{"line":218,"column":25}},"218":{"start":{"line":219,"column":0},"end":{"line":219,"column":26}},"220":{"start":{"line":221,"column":0},"end":{"line":221,"column":45}},"221":{"start":{"line":222,"column":0},"end":{"line":222,"column":53}},"222":{"start":{"line":223,"column":0},"end":{"line":223,"column":20}},"223":{"start":{"line":224,"column":0},"end":{"line":224,"column":65}},"224":{"start":{"line":225,"column":0},"end":{"line":225,"column":40}},"225":{"start":{"line":226,"column":0},"end":{"line":226,"column":65}},"226":{"start":{"line":227,"column":0},"end":{"line":227,"column":90}},"227":{"start":{"line":228,"column":0},"end":{"line":228,"column":149}},"228":{"start":{"line":229,"column":0},"end":{"line":229,"column":46}},"229":{"start":{"line":230,"column":0},"end":{"line":230,"column":53}},"230":{"start":{"line":231,"column":0},"end":{"line":231,"column":9}},"231":{"start":{"line":232,"column":0},"end":{"line":232,"column":89}},"232":{"start":{"line":233,"column":0},"end":{"line":233,"column":35}},"233":{"start":{"line":234,"column":0},"end":{"line":234,"column":90}},"235":{"start":{"line":236,"column":0},"end":{"line":236,"column":14}},"236":{"start":{"line":237,"column":0},"end":{"line":237,"column":67}},"237":{"start":{"line":238,"column":0},"end":{"line":238,"column":7}},"240":{"start":{"line":241,"column":0},"end":{"line":241,"column":49}},"242":{"start":{"line":243,"column":0},"end":{"line":243,"column":5}},"244":{"start":{"line":245,"column":0},"end":{"line":245,"column":3}},"246":{"start":{"line":247,"column":0},"end":{"line":247,"column":55}},"247":{"start":{"line":248,"column":0},"end":{"line":248,"column":27}},"249":{"start":{"line":250,"column":0},"end":{"line":250,"column":55}},"250":{"start":{"line":251,"column":0},"end":{"line":251,"column":38}},"252":{"start":{"line":253,"column":0},"end":{"line":253,"column":41}},"253":{"start":{"line":254,"column":0},"end":{"line":254,"column":41}},"254":{"start":{"line":255,"column":0},"end":{"line":255,"column":5}},"256":{"start":{"line":257,"column":0},"end":{"line":257,"column":51}},"257":{"start":{"line":258,"column":0},"end":{"line":258,"column":25}},"258":{"start":{"line":259,"column":0},"end":{"line":259,"column":5}},"259":{"start":{"line":260,"column":0},"end":{"line":260,"column":3}},"261":{"start":{"line":262,"column":0},"end":{"line":262,"column":30}},"262":{"start":{"line":263,"column":0},"end":{"line":263,"column":64}},"263":{"start":{"line":264,"column":0},"end":{"line":264,"column":3}},"265":{"start":{"line":266,"column":0},"end":{"line":266,"column":21}},"267":{"start":{"line":268,"column":0},"end":{"line":268,"column":44}},"268":{"start":{"line":269,"column":0},"end":{"line":269,"column":40}},"269":{"start":{"line":270,"column":0},"end":{"line":270,"column":45}},"270":{"start":{"line":271,"column":0},"end":{"line":271,"column":18}},"271":{"start":{"line":272,"column":0},"end":{"line":272,"column":23}},"272":{"start":{"line":273,"column":0},"end":{"line":273,"column":50}},"273":{"start":{"line":274,"column":0},"end":{"line":274,"column":110}},"274":{"start":{"line":275,"column":0},"end":{"line":275,"column":5}},"275":{"start":{"line":276,"column":0},"end":{"line":276,"column":114}},"277":{"start":{"line":278,"column":0},"end":{"line":278,"column":15}},"278":{"start":{"line":279,"column":0},"end":{"line":279,"column":3}},"280":{"start":{"line":281,"column":0},"end":{"line":281,"column":35}},"281":{"start":{"line":282,"column":0},"end":{"line":282,"column":47}},"282":{"start":{"line":283,"column":0},"end":{"line":283,"column":40}},"283":{"start":{"line":284,"column":0},"end":{"line":284,"column":5}},"284":{"start":{"line":285,"column":0},"end":{"line":285,"column":17}},"286":{"start":{"line":287,"column":0},"end":{"line":287,"column":47}},"287":{"start":{"line":288,"column":0},"end":{"line":288,"column":39}},"288":{"start":{"line":289,"column":0},"end":{"line":289,"column":5}},"289":{"start":{"line":290,"column":0},"end":{"line":290,"column":3}},"291":{"start":{"line":292,"column":0},"end":{"line":292,"column":19}},"293":{"start":{"line":294,"column":0},"end":{"line":294,"column":43}},"294":{"start":{"line":295,"column":0},"end":{"line":295,"column":26}},"295":{"start":{"line":296,"column":0},"end":{"line":296,"column":5}},"296":{"start":{"line":297,"column":0},"end":{"line":297,"column":50}},"297":{"start":{"line":298,"column":0},"end":{"line":298,"column":37}},"298":{"start":{"line":299,"column":0},"end":{"line":299,"column":5}},"299":{"start":{"line":300,"column":0},"end":{"line":300,"column":44}},"300":{"start":{"line":301,"column":0},"end":{"line":301,"column":25}},"301":{"start":{"line":302,"column":0},"end":{"line":302,"column":5}},"303":{"start":{"line":304,"column":0},"end":{"line":304,"column":43}},"304":{"start":{"line":305,"column":0},"end":{"line":305,"column":25}},"305":{"start":{"line":306,"column":0},"end":{"line":306,"column":5}},"307":{"start":{"line":308,"column":0},"end":{"line":308,"column":30}},"309":{"start":{"line":310,"column":0},"end":{"line":310,"column":44}},"310":{"start":{"line":311,"column":0},"end":{"line":311,"column":22}},"311":{"start":{"line":312,"column":0},"end":{"line":312,"column":5}},"312":{"start":{"line":313,"column":0},"end":{"line":313,"column":3}},"314":{"start":{"line":315,"column":0},"end":{"line":315,"column":21}},"315":{"start":{"line":316,"column":0},"end":{"line":316,"column":74}},"316":{"start":{"line":317,"column":0},"end":{"line":317,"column":3}},"318":{"start":{"line":319,"column":0},"end":{"line":319,"column":37}},"319":{"start":{"line":320,"column":0},"end":{"line":320,"column":17}},"320":{"start":{"line":321,"column":0},"end":{"line":321,"column":50}},"321":{"start":{"line":322,"column":0},"end":{"line":322,"column":31}},"322":{"start":{"line":323,"column":0},"end":{"line":323,"column":38}},"323":{"start":{"line":324,"column":0},"end":{"line":324,"column":33}},"324":{"start":{"line":325,"column":0},"end":{"line":325,"column":36}},"325":{"start":{"line":326,"column":0},"end":{"line":326,"column":37}},"326":{"start":{"line":327,"column":0},"end":{"line":327,"column":5}},"327":{"start":{"line":328,"column":0},"end":{"line":328,"column":15}},"328":{"start":{"line":329,"column":0},"end":{"line":329,"column":3}},"330":{"start":{"line":331,"column":0},"end":{"line":331,"column":23}},"332":{"start":{"line":333,"column":0},"end":{"line":333,"column":13}},"333":{"start":{"line":334,"column":0},"end":{"line":334,"column":13}},"334":{"start":{"line":335,"column":0},"end":{"line":335,"column":14}},"335":{"start":{"line":336,"column":0},"end":{"line":336,"column":12}},"336":{"start":{"line":337,"column":0},"end":{"line":337,"column":15}},"337":{"start":{"line":338,"column":0},"end":{"line":338,"column":19}},"339":{"start":{"line":340,"column":0},"end":{"line":340,"column":17}},"340":{"start":{"line":341,"column":0},"end":{"line":341,"column":36}},"341":{"start":{"line":342,"column":0},"end":{"line":342,"column":22}},"342":{"start":{"line":343,"column":0},"end":{"line":343,"column":19}},"343":{"start":{"line":344,"column":0},"end":{"line":344,"column":20}},"344":{"start":{"line":345,"column":0},"end":{"line":345,"column":22}},"345":{"start":{"line":346,"column":0},"end":{"line":346,"column":18}},"346":{"start":{"line":347,"column":0},"end":{"line":347,"column":24}},"347":{"start":{"line":348,"column":0},"end":{"line":348,"column":12}},"348":{"start":{"line":349,"column":0},"end":{"line":349,"column":35}},"349":{"start":{"line":350,"column":0},"end":{"line":350,"column":20}},"350":{"start":{"line":351,"column":0},"end":{"line":351,"column":24}},"351":{"start":{"line":352,"column":0},"end":{"line":352,"column":54}},"352":{"start":{"line":353,"column":0},"end":{"line":353,"column":55}},"353":{"start":{"line":354,"column":0},"end":{"line":354,"column":16}},"354":{"start":{"line":355,"column":0},"end":{"line":355,"column":23}},"355":{"start":{"line":356,"column":0},"end":{"line":356,"column":5}},"357":{"start":{"line":358,"column":0},"end":{"line":358,"column":63}},"359":{"start":{"line":360,"column":0},"end":{"line":360,"column":32}},"360":{"start":{"line":361,"column":0},"end":{"line":361,"column":155}},"361":{"start":{"line":362,"column":0},"end":{"line":362,"column":21}},"362":{"start":{"line":363,"column":0},"end":{"line":363,"column":94}},"363":{"start":{"line":364,"column":0},"end":{"line":364,"column":22}},"365":{"start":{"line":366,"column":0},"end":{"line":366,"column":60}},"367":{"start":{"line":368,"column":0},"end":{"line":368,"column":55}},"368":{"start":{"line":369,"column":0},"end":{"line":369,"column":3}},"370":{"start":{"line":371,"column":0},"end":{"line":371,"column":25}},"372":{"start":{"line":373,"column":0},"end":{"line":373,"column":26}},"374":{"start":{"line":375,"column":0},"end":{"line":375,"column":17}},"376":{"start":{"line":377,"column":0},"end":{"line":377,"column":35}},"378":{"start":{"line":379,"column":0},"end":{"line":379,"column":62}},"379":{"start":{"line":380,"column":0},"end":{"line":380,"column":46}},"381":{"start":{"line":382,"column":0},"end":{"line":382,"column":51}},"382":{"start":{"line":383,"column":0},"end":{"line":383,"column":87}},"383":{"start":{"line":384,"column":0},"end":{"line":384,"column":41}},"384":{"start":{"line":385,"column":0},"end":{"line":385,"column":77}},"385":{"start":{"line":386,"column":0},"end":{"line":386,"column":39}},"386":{"start":{"line":387,"column":0},"end":{"line":387,"column":62}},"387":{"start":{"line":388,"column":0},"end":{"line":388,"column":46}},"388":{"start":{"line":389,"column":0},"end":{"line":389,"column":52}},"389":{"start":{"line":390,"column":0},"end":{"line":390,"column":51}},"390":{"start":{"line":391,"column":0},"end":{"line":391,"column":87}},"391":{"start":{"line":392,"column":0},"end":{"line":392,"column":41}},"392":{"start":{"line":393,"column":0},"end":{"line":393,"column":72}},"393":{"start":{"line":394,"column":0},"end":{"line":394,"column":5}},"394":{"start":{"line":395,"column":0},"end":{"line":395,"column":3}},"396":{"start":{"line":397,"column":0},"end":{"line":397,"column":25}},"397":{"start":{"line":398,"column":0},"end":{"line":398,"column":30}},"399":{"start":{"line":400,"column":0},"end":{"line":400,"column":29}},"400":{"start":{"line":401,"column":0},"end":{"line":401,"column":29}},"401":{"start":{"line":402,"column":0},"end":{"line":402,"column":27}},"402":{"start":{"line":403,"column":0},"end":{"line":403,"column":27}},"404":{"start":{"line":405,"column":0},"end":{"line":405,"column":31}},"406":{"start":{"line":407,"column":0},"end":{"line":407,"column":30}},"408":{"start":{"line":409,"column":0},"end":{"line":409,"column":60}},"409":{"start":{"line":410,"column":0},"end":{"line":410,"column":47}},"410":{"start":{"line":411,"column":0},"end":{"line":411,"column":99}},"411":{"start":{"line":412,"column":0},"end":{"line":412,"column":68}},"412":{"start":{"line":413,"column":0},"end":{"line":413,"column":95}},"413":{"start":{"line":414,"column":0},"end":{"line":414,"column":7}},"414":{"start":{"line":415,"column":0},"end":{"line":415,"column":5}},"416":{"start":{"line":417,"column":0},"end":{"line":417,"column":31}},"418":{"start":{"line":419,"column":0},"end":{"line":419,"column":51}},"420":{"start":{"line":421,"column":0},"end":{"line":421,"column":87}},"421":{"start":{"line":422,"column":0},"end":{"line":422,"column":3}},"423":{"start":{"line":424,"column":0},"end":{"line":424,"column":24}},"425":{"start":{"line":426,"column":0},"end":{"line":426,"column":34}},"427":{"start":{"line":428,"column":0},"end":{"line":428,"column":85}},"428":{"start":{"line":429,"column":0},"end":{"line":429,"column":29}},"429":{"start":{"line":430,"column":0},"end":{"line":430,"column":28}},"430":{"start":{"line":431,"column":0},"end":{"line":431,"column":41}},"431":{"start":{"line":432,"column":0},"end":{"line":432,"column":29}},"432":{"start":{"line":433,"column":0},"end":{"line":433,"column":5}},"434":{"start":{"line":435,"column":0},"end":{"line":435,"column":67}},"435":{"start":{"line":436,"column":0},"end":{"line":436,"column":61}},"437":{"start":{"line":438,"column":0},"end":{"line":438,"column":37}},"438":{"start":{"line":439,"column":0},"end":{"line":439,"column":70}},"439":{"start":{"line":440,"column":0},"end":{"line":440,"column":69}},"440":{"start":{"line":441,"column":0},"end":{"line":441,"column":57}},"441":{"start":{"line":442,"column":0},"end":{"line":442,"column":13}},"442":{"start":{"line":443,"column":0},"end":{"line":443,"column":5}},"443":{"start":{"line":444,"column":0},"end":{"line":444,"column":26}},"445":{"start":{"line":446,"column":0},"end":{"line":446,"column":36}},"446":{"start":{"line":447,"column":0},"end":{"line":447,"column":25}},"447":{"start":{"line":448,"column":0},"end":{"line":448,"column":34}},"448":{"start":{"line":449,"column":0},"end":{"line":449,"column":41}},"450":{"start":{"line":451,"column":0},"end":{"line":451,"column":51}},"451":{"start":{"line":452,"column":0},"end":{"line":452,"column":32}},"452":{"start":{"line":453,"column":0},"end":{"line":453,"column":51}},"454":{"start":{"line":455,"column":0},"end":{"line":455,"column":34}},"456":{"start":{"line":457,"column":0},"end":{"line":457,"column":36}},"457":{"start":{"line":458,"column":0},"end":{"line":458,"column":42}},"458":{"start":{"line":459,"column":0},"end":{"line":459,"column":28}},"459":{"start":{"line":460,"column":0},"end":{"line":460,"column":41}},"461":{"start":{"line":462,"column":0},"end":{"line":462,"column":51}},"462":{"start":{"line":463,"column":0},"end":{"line":463,"column":32}},"463":{"start":{"line":464,"column":0},"end":{"line":464,"column":53}},"465":{"start":{"line":466,"column":0},"end":{"line":466,"column":32}},"467":{"start":{"line":468,"column":0},"end":{"line":468,"column":17}},"469":{"start":{"line":470,"column":0},"end":{"line":470,"column":50}},"471":{"start":{"line":472,"column":0},"end":{"line":472,"column":55}},"473":{"start":{"line":474,"column":0},"end":{"line":474,"column":25}},"474":{"start":{"line":475,"column":0},"end":{"line":475,"column":23}},"475":{"start":{"line":476,"column":0},"end":{"line":476,"column":47}},"476":{"start":{"line":477,"column":0},"end":{"line":477,"column":51}},"477":{"start":{"line":478,"column":0},"end":{"line":478,"column":23}},"478":{"start":{"line":479,"column":0},"end":{"line":479,"column":45}},"479":{"start":{"line":480,"column":0},"end":{"line":480,"column":50}},"480":{"start":{"line":481,"column":0},"end":{"line":481,"column":53}},"481":{"start":{"line":482,"column":0},"end":{"line":482,"column":59}},"482":{"start":{"line":483,"column":0},"end":{"line":483,"column":43}},"483":{"start":{"line":484,"column":0},"end":{"line":484,"column":14}},"484":{"start":{"line":485,"column":0},"end":{"line":485,"column":71}},"485":{"start":{"line":486,"column":0},"end":{"line":486,"column":61}},"486":{"start":{"line":487,"column":0},"end":{"line":487,"column":49}},"487":{"start":{"line":488,"column":0},"end":{"line":488,"column":54}},"488":{"start":{"line":489,"column":0},"end":{"line":489,"column":38}},"489":{"start":{"line":490,"column":0},"end":{"line":490,"column":7}},"490":{"start":{"line":491,"column":0},"end":{"line":491,"column":12}},"491":{"start":{"line":492,"column":0},"end":{"line":492,"column":24}},"492":{"start":{"line":493,"column":0},"end":{"line":493,"column":27}},"493":{"start":{"line":494,"column":0},"end":{"line":494,"column":25}},"494":{"start":{"line":495,"column":0},"end":{"line":495,"column":14}},"495":{"start":{"line":496,"column":0},"end":{"line":496,"column":27}},"496":{"start":{"line":497,"column":0},"end":{"line":497,"column":25}},"497":{"start":{"line":498,"column":0},"end":{"line":498,"column":7}},"499":{"start":{"line":500,"column":0},"end":{"line":500,"column":57}},"500":{"start":{"line":501,"column":0},"end":{"line":501,"column":12}},"501":{"start":{"line":502,"column":0},"end":{"line":502,"column":52}},"502":{"start":{"line":503,"column":0},"end":{"line":503,"column":42}},"503":{"start":{"line":504,"column":0},"end":{"line":504,"column":69}},"504":{"start":{"line":505,"column":0},"end":{"line":505,"column":94}},"505":{"start":{"line":506,"column":0},"end":{"line":506,"column":153}},"506":{"start":{"line":507,"column":0},"end":{"line":507,"column":28}},"507":{"start":{"line":508,"column":0},"end":{"line":508,"column":72}},"508":{"start":{"line":509,"column":0},"end":{"line":509,"column":50}},"509":{"start":{"line":510,"column":0},"end":{"line":510,"column":18}},"510":{"start":{"line":511,"column":0},"end":{"line":511,"column":71}},"511":{"start":{"line":512,"column":0},"end":{"line":512,"column":11}},"512":{"start":{"line":513,"column":0},"end":{"line":513,"column":9}},"513":{"start":{"line":514,"column":0},"end":{"line":514,"column":49}},"514":{"start":{"line":515,"column":0},"end":{"line":515,"column":7}},"515":{"start":{"line":516,"column":0},"end":{"line":516,"column":65}},"516":{"start":{"line":517,"column":0},"end":{"line":517,"column":175}},"517":{"start":{"line":518,"column":0},"end":{"line":518,"column":23}},"518":{"start":{"line":519,"column":0},"end":{"line":519,"column":56}},"519":{"start":{"line":520,"column":0},"end":{"line":520,"column":43}},"520":{"start":{"line":521,"column":0},"end":{"line":521,"column":14}},"521":{"start":{"line":522,"column":0},"end":{"line":522,"column":51}},"522":{"start":{"line":523,"column":0},"end":{"line":523,"column":38}},"523":{"start":{"line":524,"column":0},"end":{"line":524,"column":7}},"524":{"start":{"line":525,"column":0},"end":{"line":525,"column":5}},"525":{"start":{"line":526,"column":0},"end":{"line":526,"column":3}},"527":{"start":{"line":528,"column":0},"end":{"line":528,"column":30}},"528":{"start":{"line":529,"column":0},"end":{"line":529,"column":36}},"529":{"start":{"line":530,"column":0},"end":{"line":530,"column":38}},"530":{"start":{"line":531,"column":0},"end":{"line":531,"column":45}},"531":{"start":{"line":532,"column":0},"end":{"line":532,"column":49}},"532":{"start":{"line":533,"column":0},"end":{"line":533,"column":40}},"533":{"start":{"line":534,"column":0},"end":{"line":534,"column":39}},"534":{"start":{"line":535,"column":0},"end":{"line":535,"column":20}},"535":{"start":{"line":536,"column":0},"end":{"line":536,"column":7}},"536":{"start":{"line":537,"column":0},"end":{"line":537,"column":3}},"538":{"start":{"line":539,"column":0},"end":{"line":539,"column":35}},"540":{"start":{"line":541,"column":0},"end":{"line":541,"column":76}},"541":{"start":{"line":542,"column":0},"end":{"line":542,"column":21}},"542":{"start":{"line":543,"column":0},"end":{"line":543,"column":75}},"543":{"start":{"line":544,"column":0},"end":{"line":544,"column":100}},"544":{"start":{"line":545,"column":0},"end":{"line":545,"column":44}},"545":{"start":{"line":546,"column":0},"end":{"line":546,"column":35}},"546":{"start":{"line":547,"column":0},"end":{"line":547,"column":7}},"547":{"start":{"line":548,"column":0},"end":{"line":548,"column":5}},"548":{"start":{"line":549,"column":0},"end":{"line":549,"column":3}},"550":{"start":{"line":551,"column":0},"end":{"line":551,"column":30}},"551":{"start":{"line":552,"column":0},"end":{"line":552,"column":59}},"552":{"start":{"line":553,"column":0},"end":{"line":553,"column":23}},"553":{"start":{"line":554,"column":0},"end":{"line":554,"column":18}},"554":{"start":{"line":555,"column":0},"end":{"line":555,"column":30}},"555":{"start":{"line":556,"column":0},"end":{"line":556,"column":35}},"556":{"start":{"line":557,"column":0},"end":{"line":557,"column":29}},"557":{"start":{"line":558,"column":0},"end":{"line":558,"column":17}},"558":{"start":{"line":559,"column":0},"end":{"line":559,"column":24}},"559":{"start":{"line":560,"column":0},"end":{"line":560,"column":28}},"560":{"start":{"line":561,"column":0},"end":{"line":561,"column":27}},"561":{"start":{"line":562,"column":0},"end":{"line":562,"column":30}},"562":{"start":{"line":563,"column":0},"end":{"line":563,"column":32}},"563":{"start":{"line":564,"column":0},"end":{"line":564,"column":30}},"564":{"start":{"line":565,"column":0},"end":{"line":565,"column":5}},"565":{"start":{"line":566,"column":0},"end":{"line":566,"column":29}},"566":{"start":{"line":567,"column":0},"end":{"line":567,"column":3}},"568":{"start":{"line":569,"column":0},"end":{"line":569,"column":21}},"569":{"start":{"line":570,"column":0},"end":{"line":570,"column":42}},"570":{"start":{"line":571,"column":0},"end":{"line":571,"column":35}},"571":{"start":{"line":572,"column":0},"end":{"line":572,"column":5}},"572":{"start":{"line":573,"column":0},"end":{"line":573,"column":43}},"573":{"start":{"line":574,"column":0},"end":{"line":574,"column":42}},"574":{"start":{"line":575,"column":0},"end":{"line":575,"column":53}},"575":{"start":{"line":576,"column":0},"end":{"line":576,"column":70}},"576":{"start":{"line":577,"column":0},"end":{"line":577,"column":7}},"578":{"start":{"line":579,"column":0},"end":{"line":579,"column":129}},"579":{"start":{"line":580,"column":0},"end":{"line":580,"column":5}},"580":{"start":{"line":581,"column":0},"end":{"line":581,"column":3}},"582":{"start":{"line":583,"column":0},"end":{"line":583,"column":9}},"583":{"start":{"line":584,"column":0},"end":{"line":584,"column":7}},"585":{"start":{"line":586,"column":0},"end":{"line":586,"column":37}},"586":{"start":{"line":587,"column":0},"end":{"line":587,"column":45}},"587":{"start":{"line":588,"column":0},"end":{"line":588,"column":44}},"588":{"start":{"line":589,"column":0},"end":{"line":589,"column":46}},"589":{"start":{"line":590,"column":0},"end":{"line":590,"column":42}},"590":{"start":{"line":591,"column":0},"end":{"line":591,"column":56}},"591":{"start":{"line":592,"column":0},"end":{"line":592,"column":5}},"593":{"start":{"line":594,"column":0},"end":{"line":594,"column":32}},"594":{"start":{"line":595,"column":0},"end":{"line":595,"column":28}},"595":{"start":{"line":596,"column":0},"end":{"line":596,"column":21}},"596":{"start":{"line":597,"column":0},"end":{"line":597,"column":24}},"597":{"start":{"line":598,"column":0},"end":{"line":598,"column":29}},"598":{"start":{"line":599,"column":0},"end":{"line":599,"column":40}},"599":{"start":{"line":600,"column":0},"end":{"line":600,"column":14}},"600":{"start":{"line":601,"column":0},"end":{"line":601,"column":5}},"602":{"start":{"line":603,"column":0},"end":{"line":603,"column":21}},"603":{"start":{"line":604,"column":0},"end":{"line":604,"column":25}},"604":{"start":{"line":605,"column":0},"end":{"line":605,"column":41}},"606":{"start":{"line":607,"column":0},"end":{"line":607,"column":55}},"607":{"start":{"line":608,"column":0},"end":{"line":608,"column":23}},"608":{"start":{"line":609,"column":0},"end":{"line":609,"column":67}},"609":{"start":{"line":610,"column":0},"end":{"line":610,"column":5}},"610":{"start":{"line":611,"column":0},"end":{"line":611,"column":28}},"611":{"start":{"line":612,"column":0},"end":{"line":612,"column":28}},"613":{"start":{"line":614,"column":0},"end":{"line":614,"column":28}},"614":{"start":{"line":615,"column":0},"end":{"line":615,"column":17}},"615":{"start":{"line":616,"column":0},"end":{"line":616,"column":26}},"617":{"start":{"line":618,"column":0},"end":{"line":618,"column":34}},"618":{"start":{"line":619,"column":0},"end":{"line":619,"column":37}},"619":{"start":{"line":620,"column":0},"end":{"line":620,"column":51}},"620":{"start":{"line":621,"column":0},"end":{"line":621,"column":5}},"622":{"start":{"line":623,"column":0},"end":{"line":623,"column":11}},"624":{"start":{"line":625,"column":0},"end":{"line":625,"column":23}},"626":{"start":{"line":627,"column":0},"end":{"line":627,"column":63}},"627":{"start":{"line":628,"column":0},"end":{"line":628,"column":15}},"628":{"start":{"line":629,"column":0},"end":{"line":629,"column":72}},"629":{"start":{"line":630,"column":0},"end":{"line":630,"column":49}},"630":{"start":{"line":631,"column":0},"end":{"line":631,"column":90}},"631":{"start":{"line":632,"column":0},"end":{"line":632,"column":17}},"632":{"start":{"line":633,"column":0},"end":{"line":633,"column":11}},"633":{"start":{"line":634,"column":0},"end":{"line":634,"column":50}},"634":{"start":{"line":635,"column":0},"end":{"line":635,"column":20}},"635":{"start":{"line":636,"column":0},"end":{"line":636,"column":36}},"636":{"start":{"line":637,"column":0},"end":{"line":637,"column":7}},"637":{"start":{"line":638,"column":0},"end":{"line":638,"column":5}},"638":{"start":{"line":639,"column":0},"end":{"line":639,"column":3}},"639":{"start":{"line":640,"column":0},"end":{"line":640,"column":16}},"640":{"start":{"line":641,"column":0},"end":{"line":641,"column":2}}},"s":{"0":1,"1":1,"2":1,"4":1,"5":1,"6":1,"7":1,"8":1,"9":1,"11":1,"13":1,"15":26,"16":26,"17":26,"18":26,"19":26,"20":26,"22":26,"23":26,"24":26,"25":26,"27":26,"28":2,"29":2,"30":2,"31":2,"32":2,"34":2,"35":8,"36":8,"37":8,"38":8,"39":8,"40":2,"42":26,"44":26,"46":55,"47":6,"49":6,"50":8,"52":8,"53":5,"54":8,"55":3,"56":3,"57":3,"58":3,"59":8,"61":6,"62":4,"63":4,"64":55,"65":49,"66":49,"67":55,"69":26,"70":55,"71":56,"72":56,"73":56,"74":23,"75":23,"76":9,"77":9,"78":56,"79":2,"80":2,"81":33,"82":1,"83":1,"84":31,"85":1,"86":1,"87":30,"88":29,"89":29,"91":29,"92":29,"93":55,"94":55,"95":6,"96":2,"97":2,"98":6,"99":8,"100":8,"101":5,"102":8,"103":3,"104":3,"105":3,"106":3,"107":8,"108":55,"109":49,"110":49,"111":55,"113":26,"114":55,"115":55,"116":55,"117":55,"118":55,"119":55,"120":55,"121":55,"122":55,"123":26,"125":26,"127":29,"129":29,"131":3,"132":3,"133":3,"134":3,"136":3,"137":3,"139":3,"140":3,"142":3,"143":3,"145":3,"146":3,"147":29,"149":26,"150":29,"151":3,"152":3,"154":29,"155":29,"157":26,"159":26,"160":26,"161":26,"162":26,"163":26,"165":26,"166":55,"167":55,"168":55,"170":55,"171":26,"172":55,"173":29,"174":29,"175":55,"176":55,"177":55,"179":26,"180":26,"182":26,"183":26,"185":26,"186":5,"187":5,"188":5,"189":5,"190":5,"191":5,"193":26,"194":26,"196":26,"198":26,"199":96,"201":96,"202":96,"203":96,"205":96,"206":96,"208":96,"209":17,"210":17,"211":17,"212":17,"214":70,"215":70,"217":70,"218":70,"220":70,"221":70,"222":70,"223":96,"224":5,"225":5,"226":5,"227":5,"228":5,"229":5,"230":5,"231":5,"232":96,"233":0,"235":65,"236":65,"237":65,"240":70,"242":70,"244":26,"246":26,"247":70,"249":8,"250":8,"252":70,"253":16,"254":16,"256":70,"257":5,"258":5,"259":70,"261":26,"262":26,"263":26,"265":26,"267":26,"268":26,"269":26,"270":26,"271":26,"272":26,"273":2,"274":2,"275":26,"277":26,"278":26,"280":26,"281":29,"282":8,"283":8,"284":29,"286":29,"287":3,"288":3,"289":29,"291":26,"293":26,"294":55,"295":55,"296":26,"297":91,"298":91,"299":26,"300":96,"301":96,"303":26,"304":55,"305":55,"307":26,"309":26,"310":5,"311":5,"312":26,"314":26,"315":917,"316":917,"318":26,"319":59,"320":59,"321":254,"322":254,"323":254,"324":254,"325":5,"326":5,"327":59,"328":59,"330":26,"332":6,"333":6,"334":6,"335":6,"336":6,"337":6,"339":6,"340":5,"341":5,"342":5,"343":5,"344":5,"345":5,"346":5,"347":6,"348":1,"349":1,"350":1,"351":1,"352":1,"353":1,"354":1,"355":1,"357":6,"359":6,"360":6,"361":6,"362":6,"363":6,"365":6,"367":6,"368":6,"370":26,"372":8,"374":5,"376":8,"378":2,"379":2,"381":2,"382":2,"383":2,"384":2,"385":3,"386":1,"387":1,"388":1,"389":1,"390":1,"391":1,"392":1,"393":1,"394":8,"396":26,"397":29,"399":3,"400":3,"401":3,"402":3,"404":3,"406":29,"408":1,"409":2,"410":2,"411":2,"412":1,"413":1,"414":1,"416":3,"418":3,"420":29,"421":29,"423":26,"425":96,"427":92,"428":96,"429":2,"430":2,"431":2,"432":2,"434":92,"435":92,"437":96,"438":0,"439":0,"440":0,"441":0,"442":0,"443":96,"445":1,"446":1,"447":1,"448":1,"450":1,"451":1,"452":1,"454":96,"456":0,"457":0,"458":0,"459":0,"461":0,"462":0,"463":0,"465":91,"467":1,"469":91,"471":25,"473":25,"474":25,"475":25,"476":25,"477":25,"478":13,"479":13,"480":13,"481":13,"482":1,"483":25,"484":12,"485":12,"486":12,"487":12,"488":12,"489":12,"490":90,"491":65,"492":48,"493":48,"494":65,"495":17,"496":17,"497":17,"499":65,"500":25,"501":25,"502":5,"503":5,"504":5,"505":5,"506":5,"507":5,"508":5,"509":5,"510":0,"511":0,"512":5,"513":25,"514":25,"515":65,"516":65,"517":65,"518":17,"519":0,"520":65,"521":48,"522":17,"523":48,"524":65,"525":96,"527":26,"528":28,"529":28,"530":104,"531":90,"532":47,"533":46,"534":0,"535":28,"536":28,"538":26,"540":28,"541":58,"542":58,"543":101,"544":101,"545":101,"546":101,"547":58,"548":28,"550":26,"551":91,"552":91,"553":91,"554":91,"555":91,"556":91,"557":91,"558":91,"559":5,"560":5,"561":91,"562":0,"563":0,"564":0,"565":91,"566":91,"568":26,"569":0,"570":0,"571":0,"572":0,"573":0,"574":0,"575":0,"576":0,"578":0,"579":0,"580":0,"582":26,"583":26,"585":26,"586":26,"587":26,"588":26,"589":3,"590":3,"591":3,"593":26,"594":26,"595":28,"596":28,"597":28,"598":28,"599":2,"600":2,"602":26,"603":26,"604":26,"606":26,"607":26,"608":3,"609":3,"610":26,"611":26,"613":26,"614":26,"615":26,"617":26,"618":7,"619":7,"620":7,"622":26,"624":26,"626":26,"627":26,"628":0,"629":0,"630":0,"631":0,"632":0,"633":0,"634":0,"635":0,"636":0,"637":0,"638":0,"639":26,"640":1},"branchMap":{"0":{"type":"branch","line":14,"loc":{"start":{"line":14,"column":7},"end":{"line":641,"column":1}},"locations":[{"start":{"line":14,"column":7},"end":{"line":641,"column":1}}]},"1":{"type":"branch","line":587,"loc":{"start":{"line":587,"column":6},"end":{"line":587,"column":45}},"locations":[{"start":{"line":587,"column":6},"end":{"line":587,"column":45}}]},"2":{"type":"branch","line":588,"loc":{"start":{"line":588,"column":6},"end":{"line":588,"column":44}},"locations":[{"start":{"line":588,"column":6},"end":{"line":588,"column":44}}]},"3":{"type":"branch","line":589,"loc":{"start":{"line":589,"column":6},"end":{"line":589,"column":43}},"locations":[{"start":{"line":589,"column":6},"end":{"line":589,"column":43}}]},"4":{"type":"branch","line":589,"loc":{"start":{"line":589,"column":45},"end":{"line":592,"column":5}},"locations":[{"start":{"line":589,"column":45},"end":{"line":592,"column":5}}]},"5":{"type":"branch","line":595,"loc":{"start":{"line":595,"column":27},"end":{"line":601,"column":5}},"locations":[{"start":{"line":595,"column":27},"end":{"line":601,"column":5}}]},"6":{"type":"branch","line":599,"loc":{"start":{"line":599,"column":23},"end":{"line":599,"column":32}},"locations":[{"start":{"line":599,"column":23},"end":{"line":599,"column":32}}]},"7":{"type":"branch","line":599,"loc":{"start":{"line":599,"column":34},"end":{"line":599,"column":40}},"locations":[{"start":{"line":599,"column":34},"end":{"line":599,"column":40}}]},"8":{"type":"branch","line":599,"loc":{"start":{"line":599,"column":39},"end":{"line":601,"column":5}},"locations":[{"start":{"line":599,"column":39},"end":{"line":601,"column":5}}]},"9":{"type":"branch","line":608,"loc":{"start":{"line":608,"column":22},"end":{"line":610,"column":5}},"locations":[{"start":{"line":608,"column":22},"end":{"line":610,"column":5}}]},"10":{"type":"branch","line":618,"loc":{"start":{"line":618,"column":33},"end":{"line":621,"column":5}},"locations":[{"start":{"line":618,"column":33},"end":{"line":621,"column":5}}]},"11":{"type":"branch","line":625,"loc":{"start":{"line":625,"column":15},"end":{"line":625,"column":23}},"locations":[{"start":{"line":625,"column":15},"end":{"line":625,"column":23}}]},"12":{"type":"branch","line":627,"loc":{"start":{"line":627,"column":30},"end":{"line":627,"column":63}},"locations":[{"start":{"line":627,"column":30},"end":{"line":627,"column":63}}]},"13":{"type":"branch","line":628,"loc":{"start":{"line":628,"column":4},"end":{"line":639,"column":3}},"locations":[{"start":{"line":628,"column":4},"end":{"line":639,"column":3}}]},"14":{"type":"branch","line":28,"loc":{"start":{"line":28,"column":2},"end":{"line":41,"column":3}},"locations":[{"start":{"line":28,"column":2},"end":{"line":41,"column":3}}]},"15":{"type":"branch","line":35,"loc":{"start":{"line":35,"column":42},"end":{"line":40,"column":5}},"locations":[{"start":{"line":35,"column":42},"end":{"line":40,"column":5}}]},"16":{"type":"branch","line":43,"loc":{"start":{"line":43,"column":2},"end":{"line":124,"column":3}},"locations":[{"start":{"line":43,"column":2},"end":{"line":124,"column":3}}]},"17":{"type":"branch","line":114,"loc":{"start":{"line":114,"column":42},"end":{"line":123,"column":5}},"locations":[{"start":{"line":114,"column":42},"end":{"line":123,"column":5}}]},"18":{"type":"branch","line":45,"loc":{"start":{"line":45,"column":4},"end":{"line":68,"column":5}},"locations":[{"start":{"line":45,"column":4},"end":{"line":68,"column":5}}]},"19":{"type":"branch","line":47,"loc":{"start":{"line":47,"column":38},"end":{"line":65,"column":7}},"locations":[{"start":{"line":47,"column":38},"end":{"line":65,"column":7}}]},"20":{"type":"branch","line":48,"loc":{"start":{"line":48,"column":65},"end":{"line":48,"column":69}},"locations":[{"start":{"line":48,"column":65},"end":{"line":48,"column":69}}]},"21":{"type":"branch","line":48,"loc":{"start":{"line":48,"column":70},"end":{"line":48,"column":73}},"locations":[{"start":{"line":48,"column":70},"end":{"line":48,"column":73}}]},"22":{"type":"branch","line":50,"loc":{"start":{"line":50,"column":57},"end":{"line":60,"column":9}},"locations":[{"start":{"line":50,"column":57},"end":{"line":60,"column":9}}]},"23":{"type":"branch","line":53,"loc":{"start":{"line":53,"column":38},"end":{"line":53,"column":56}},"locations":[{"start":{"line":53,"column":38},"end":{"line":53,"column":56}}]},"24":{"type":"branch","line":53,"loc":{"start":{"line":53,"column":58},"end":{"line":55,"column":11}},"locations":[{"start":{"line":53,"column":58},"end":{"line":55,"column":11}}]},"25":{"type":"branch","line":55,"loc":{"start":{"line":55,"column":11},"end":{"line":59,"column":11}},"locations":[{"start":{"line":55,"column":11},"end":{"line":59,"column":11}}]},"26":{"type":"branch","line":56,"loc":{"start":{"line":56,"column":33},"end":{"line":56,"column":54}},"locations":[{"start":{"line":56,"column":33},"end":{"line":56,"column":54}}]},"27":{"type":"branch","line":62,"loc":{"start":{"line":62,"column":77},"end":{"line":62,"column":95}},"locations":[{"start":{"line":62,"column":77},"end":{"line":62,"column":95}}]},"28":{"type":"branch","line":62,"loc":{"start":{"line":62,"column":97},"end":{"line":64,"column":9}},"locations":[{"start":{"line":62,"column":97},"end":{"line":64,"column":9}}]},"29":{"type":"branch","line":65,"loc":{"start":{"line":65,"column":7},"end":{"line":67,"column":7}},"locations":[{"start":{"line":65,"column":7},"end":{"line":67,"column":7}}]},"30":{"type":"branch","line":70,"loc":{"start":{"line":70,"column":4},"end":{"line":112,"column":5}},"locations":[{"start":{"line":70,"column":4},"end":{"line":112,"column":5}}]},"31":{"type":"branch","line":95,"loc":{"start":{"line":95,"column":38},"end":{"line":109,"column":7}},"locations":[{"start":{"line":95,"column":38},"end":{"line":109,"column":7}}]},"32":{"type":"branch","line":96,"loc":{"start":{"line":96,"column":55},"end":{"line":98,"column":9}},"locations":[{"start":{"line":96,"column":55},"end":{"line":98,"column":9}}]},"33":{"type":"branch","line":99,"loc":{"start":{"line":99,"column":57},"end":{"line":108,"column":9}},"locations":[{"start":{"line":99,"column":57},"end":{"line":108,"column":9}}]},"34":{"type":"branch","line":101,"loc":{"start":{"line":101,"column":39},"end":{"line":103,"column":11}},"locations":[{"start":{"line":101,"column":39},"end":{"line":103,"column":11}}]},"35":{"type":"branch","line":103,"loc":{"start":{"line":103,"column":11},"end":{"line":107,"column":11}},"locations":[{"start":{"line":103,"column":11},"end":{"line":107,"column":11}}]},"36":{"type":"branch","line":109,"loc":{"start":{"line":109,"column":7},"end":{"line":111,"column":7}},"locations":[{"start":{"line":109,"column":7},"end":{"line":111,"column":7}}]},"37":{"type":"branch","line":71,"loc":{"start":{"line":71,"column":22},"end":{"line":94,"column":7}},"locations":[{"start":{"line":71,"column":22},"end":{"line":94,"column":7}}]},"38":{"type":"branch","line":73,"loc":{"start":{"line":73,"column":50},"end":{"line":73,"column":53}},"locations":[{"start":{"line":73,"column":50},"end":{"line":73,"column":53}}]},"39":{"type":"branch","line":73,"loc":{"start":{"line":73,"column":54},"end":{"line":73,"column":61}},"locations":[{"start":{"line":73,"column":54},"end":{"line":73,"column":61}}]},"40":{"type":"branch","line":74,"loc":{"start":{"line":74,"column":33},"end":{"line":79,"column":9}},"locations":[{"start":{"line":74,"column":33},"end":{"line":79,"column":9}}]},"41":{"type":"branch","line":76,"loc":{"start":{"line":76,"column":31},"end":{"line":78,"column":11}},"locations":[{"start":{"line":76,"column":31},"end":{"line":78,"column":11}}]},"42":{"type":"branch","line":79,"loc":{"start":{"line":79,"column":9},"end":{"line":93,"column":9}},"locations":[{"start":{"line":79,"column":9},"end":{"line":93,"column":9}}]},"43":{"type":"branch","line":79,"loc":{"start":{"line":79,"column":43},"end":{"line":82,"column":9}},"locations":[{"start":{"line":79,"column":43},"end":{"line":82,"column":9}}]},"44":{"type":"branch","line":82,"loc":{"start":{"line":82,"column":9},"end":{"line":93,"column":9}},"locations":[{"start":{"line":82,"column":9},"end":{"line":93,"column":9}}]},"45":{"type":"branch","line":82,"loc":{"start":{"line":82,"column":42},"end":{"line":85,"column":9}},"locations":[{"start":{"line":82,"column":42},"end":{"line":85,"column":9}}]},"46":{"type":"branch","line":85,"loc":{"start":{"line":85,"column":9},"end":{"line":93,"column":9}},"locations":[{"start":{"line":85,"column":9},"end":{"line":93,"column":9}}]},"47":{"type":"branch","line":85,"loc":{"start":{"line":85,"column":41},"end":{"line":88,"column":9}},"locations":[{"start":{"line":85,"column":41},"end":{"line":88,"column":9}}]},"48":{"type":"branch","line":88,"loc":{"start":{"line":88,"column":9},"end":{"line":93,"column":9}},"locations":[{"start":{"line":88,"column":9},"end":{"line":93,"column":9}}]},"49":{"type":"branch","line":126,"loc":{"start":{"line":126,"column":2},"end":{"line":148,"column":3}},"locations":[{"start":{"line":126,"column":2},"end":{"line":148,"column":3}}]},"50":{"type":"branch","line":130,"loc":{"start":{"line":130,"column":23},"end":{"line":130,"column":30}},"locations":[{"start":{"line":130,"column":23},"end":{"line":130,"column":30}}]},"51":{"type":"branch","line":130,"loc":{"start":{"line":130,"column":29},"end":{"line":148,"column":2}},"locations":[{"start":{"line":130,"column":29},"end":{"line":148,"column":2}}]},"52":{"type":"branch","line":150,"loc":{"start":{"line":150,"column":2},"end":{"line":156,"column":3}},"locations":[{"start":{"line":150,"column":2},"end":{"line":156,"column":3}}]},"53":{"type":"branch","line":151,"loc":{"start":{"line":151,"column":46},"end":{"line":153,"column":5}},"locations":[{"start":{"line":151,"column":46},"end":{"line":153,"column":5}}]},"54":{"type":"branch","line":158,"loc":{"start":{"line":158,"column":2},"end":{"line":181,"column":3}},"locations":[{"start":{"line":158,"column":2},"end":{"line":181,"column":3}}]},"55":{"type":"branch","line":166,"loc":{"start":{"line":166,"column":42},"end":{"line":178,"column":5}},"locations":[{"start":{"line":166,"column":42},"end":{"line":178,"column":5}}]},"56":{"type":"branch","line":171,"loc":{"start":{"line":171,"column":24},"end":{"line":173,"column":7}},"locations":[{"start":{"line":171,"column":24},"end":{"line":173,"column":7}}]},"57":{"type":"branch","line":173,"loc":{"start":{"line":173,"column":7},"end":{"line":175,"column":7}},"locations":[{"start":{"line":173,"column":7},"end":{"line":175,"column":7}}]},"58":{"type":"branch","line":183,"loc":{"start":{"line":183,"column":2},"end":{"line":195,"column":3}},"locations":[{"start":{"line":183,"column":2},"end":{"line":195,"column":3}}]},"59":{"type":"branch","line":186,"loc":{"start":{"line":186,"column":43},"end":{"line":192,"column":5}},"locations":[{"start":{"line":186,"column":43},"end":{"line":192,"column":5}}]},"60":{"type":"branch","line":197,"loc":{"start":{"line":197,"column":2},"end":{"line":245,"column":3}},"locations":[{"start":{"line":197,"column":2},"end":{"line":245,"column":3}}]},"61":{"type":"branch","line":199,"loc":{"start":{"line":199,"column":43},"end":{"line":243,"column":5}},"locations":[{"start":{"line":199,"column":43},"end":{"line":243,"column":5}}]},"62":{"type":"branch","line":207,"loc":{"start":{"line":207,"column":25},"end":{"line":207,"column":34}},"locations":[{"start":{"line":207,"column":25},"end":{"line":207,"column":34}}]},"63":{"type":"branch","line":207,"loc":{"start":{"line":207,"column":33},"end":{"line":209,"column":24}},"locations":[{"start":{"line":207,"column":33},"end":{"line":209,"column":24}}]},"64":{"type":"branch","line":209,"loc":{"start":{"line":209,"column":24},"end":{"line":213,"column":7}},"locations":[{"start":{"line":209,"column":24},"end":{"line":213,"column":7}}]},"65":{"type":"branch","line":213,"loc":{"start":{"line":213,"column":6},"end":{"line":224,"column":22}},"locations":[{"start":{"line":213,"column":6},"end":{"line":224,"column":22}}]},"66":{"type":"branch","line":224,"loc":{"start":{"line":224,"column":22},"end":{"line":224,"column":36}},"locations":[{"start":{"line":224,"column":22},"end":{"line":224,"column":36}}]},"67":{"type":"branch","line":224,"loc":{"start":{"line":224,"column":37},"end":{"line":224,"column":62}},"locations":[{"start":{"line":224,"column":37},"end":{"line":224,"column":62}}]},"68":{"type":"branch","line":224,"loc":{"start":{"line":224,"column":64},"end":{"line":233,"column":7}},"locations":[{"start":{"line":224,"column":64},"end":{"line":233,"column":7}}]},"69":{"type":"branch","line":227,"loc":{"start":{"line":227,"column":34},"end":{"line":227,"column":90}},"locations":[{"start":{"line":227,"column":34},"end":{"line":227,"column":90}}]},"70":{"type":"branch","line":228,"loc":{"start":{"line":228,"column":93},"end":{"line":228,"column":149}},"locations":[{"start":{"line":228,"column":93},"end":{"line":228,"column":149}}]},"71":{"type":"branch","line":230,"loc":{"start":{"line":230,"column":39},"end":{"line":230,"column":53}},"locations":[{"start":{"line":230,"column":39},"end":{"line":230,"column":53}}]},"72":{"type":"branch","line":233,"loc":{"start":{"line":233,"column":7},"end":{"line":238,"column":7}},"locations":[{"start":{"line":233,"column":7},"end":{"line":238,"column":7}}]},"73":{"type":"branch","line":233,"loc":{"start":{"line":233,"column":34},"end":{"line":236,"column":7}},"locations":[{"start":{"line":233,"column":34},"end":{"line":236,"column":7}}]},"74":{"type":"branch","line":238,"loc":{"start":{"line":238,"column":6},"end":{"line":243,"column":5}},"locations":[{"start":{"line":238,"column":6},"end":{"line":243,"column":5}}]},"75":{"type":"branch","line":247,"loc":{"start":{"line":247,"column":2},"end":{"line":260,"column":3}},"locations":[{"start":{"line":247,"column":2},"end":{"line":260,"column":3}}]},"76":{"type":"branch","line":248,"loc":{"start":{"line":248,"column":20},"end":{"line":248,"column":27}},"locations":[{"start":{"line":248,"column":20},"end":{"line":248,"column":27}}]},"77":{"type":"branch","line":248,"loc":{"start":{"line":248,"column":26},"end":{"line":253,"column":40}},"locations":[{"start":{"line":248,"column":26},"end":{"line":253,"column":40}}]},"78":{"type":"branch","line":253,"loc":{"start":{"line":253,"column":40},"end":{"line":255,"column":5}},"locations":[{"start":{"line":253,"column":40},"end":{"line":255,"column":5}}]},"79":{"type":"branch","line":255,"loc":{"start":{"line":255,"column":4},"end":{"line":257,"column":50}},"locations":[{"start":{"line":255,"column":4},"end":{"line":257,"column":50}}]},"80":{"type":"branch","line":257,"loc":{"start":{"line":257,"column":50},"end":{"line":259,"column":5}},"locations":[{"start":{"line":257,"column":50},"end":{"line":259,"column":5}}]},"81":{"type":"branch","line":259,"loc":{"start":{"line":259,"column":4},"end":{"line":260,"column":2}},"locations":[{"start":{"line":259,"column":4},"end":{"line":260,"column":2}}]},"82":{"type":"branch","line":262,"loc":{"start":{"line":262,"column":2},"end":{"line":264,"column":3}},"locations":[{"start":{"line":262,"column":2},"end":{"line":264,"column":3}}]},"83":{"type":"branch","line":266,"loc":{"start":{"line":266,"column":2},"end":{"line":279,"column":3}},"locations":[{"start":{"line":266,"column":2},"end":{"line":279,"column":3}}]},"84":{"type":"branch","line":273,"loc":{"start":{"line":273,"column":49},"end":{"line":275,"column":5}},"locations":[{"start":{"line":273,"column":49},"end":{"line":275,"column":5}}]},"85":{"type":"branch","line":281,"loc":{"start":{"line":281,"column":2},"end":{"line":290,"column":3}},"locations":[{"start":{"line":281,"column":2},"end":{"line":290,"column":3}}]},"86":{"type":"branch","line":282,"loc":{"start":{"line":282,"column":46},"end":{"line":284,"column":5}},"locations":[{"start":{"line":282,"column":46},"end":{"line":284,"column":5}}]},"87":{"type":"branch","line":287,"loc":{"start":{"line":287,"column":46},"end":{"line":289,"column":5}},"locations":[{"start":{"line":287,"column":46},"end":{"line":289,"column":5}}]},"88":{"type":"branch","line":292,"loc":{"start":{"line":292,"column":2},"end":{"line":313,"column":3}},"locations":[{"start":{"line":292,"column":2},"end":{"line":313,"column":3}}]},"89":{"type":"branch","line":294,"loc":{"start":{"line":294,"column":42},"end":{"line":296,"column":5}},"locations":[{"start":{"line":294,"column":42},"end":{"line":296,"column":5}}]},"90":{"type":"branch","line":297,"loc":{"start":{"line":297,"column":49},"end":{"line":299,"column":5}},"locations":[{"start":{"line":297,"column":49},"end":{"line":299,"column":5}}]},"91":{"type":"branch","line":300,"loc":{"start":{"line":300,"column":43},"end":{"line":302,"column":5}},"locations":[{"start":{"line":300,"column":43},"end":{"line":302,"column":5}}]},"92":{"type":"branch","line":304,"loc":{"start":{"line":304,"column":42},"end":{"line":306,"column":5}},"locations":[{"start":{"line":304,"column":42},"end":{"line":306,"column":5}}]},"93":{"type":"branch","line":310,"loc":{"start":{"line":310,"column":43},"end":{"line":312,"column":5}},"locations":[{"start":{"line":310,"column":43},"end":{"line":312,"column":5}}]},"94":{"type":"branch","line":315,"loc":{"start":{"line":315,"column":2},"end":{"line":317,"column":3}},"locations":[{"start":{"line":315,"column":2},"end":{"line":317,"column":3}}]},"95":{"type":"branch","line":316,"loc":{"start":{"line":316,"column":64},"end":{"line":316,"column":67}},"locations":[{"start":{"line":316,"column":64},"end":{"line":316,"column":67}}]},"96":{"type":"branch","line":316,"loc":{"start":{"line":316,"column":68},"end":{"line":316,"column":71}},"locations":[{"start":{"line":316,"column":68},"end":{"line":316,"column":71}}]},"97":{"type":"branch","line":319,"loc":{"start":{"line":319,"column":2},"end":{"line":329,"column":3}},"locations":[{"start":{"line":319,"column":2},"end":{"line":329,"column":3}}]},"98":{"type":"branch","line":321,"loc":{"start":{"line":321,"column":49},"end":{"line":327,"column":5}},"locations":[{"start":{"line":321,"column":49},"end":{"line":327,"column":5}}]},"99":{"type":"branch","line":323,"loc":{"start":{"line":323,"column":29},"end":{"line":323,"column":38}},"locations":[{"start":{"line":323,"column":29},"end":{"line":323,"column":38}}]},"100":{"type":"branch","line":323,"loc":{"start":{"line":323,"column":37},"end":{"line":324,"column":24}},"locations":[{"start":{"line":323,"column":37},"end":{"line":324,"column":24}}]},"101":{"type":"branch","line":324,"loc":{"start":{"line":324,"column":24},"end":{"line":324,"column":33}},"locations":[{"start":{"line":324,"column":24},"end":{"line":324,"column":33}}]},"102":{"type":"branch","line":324,"loc":{"start":{"line":324,"column":32},"end":{"line":325,"column":27}},"locations":[{"start":{"line":324,"column":32},"end":{"line":325,"column":27}}]},"103":{"type":"branch","line":325,"loc":{"start":{"line":325,"column":27},"end":{"line":325,"column":36}},"locations":[{"start":{"line":325,"column":27},"end":{"line":325,"column":36}}]},"104":{"type":"branch","line":325,"loc":{"start":{"line":325,"column":35},"end":{"line":327,"column":5}},"locations":[{"start":{"line":325,"column":35},"end":{"line":327,"column":5}}]},"105":{"type":"branch","line":331,"loc":{"start":{"line":331,"column":2},"end":{"line":369,"column":3}},"locations":[{"start":{"line":331,"column":2},"end":{"line":369,"column":3}}]},"106":{"type":"branch","line":340,"loc":{"start":{"line":340,"column":16},"end":{"line":348,"column":5}},"locations":[{"start":{"line":340,"column":16},"end":{"line":348,"column":5}}]},"107":{"type":"branch","line":348,"loc":{"start":{"line":348,"column":5},"end":{"line":356,"column":5}},"locations":[{"start":{"line":348,"column":5},"end":{"line":356,"column":5}}]},"108":{"type":"branch","line":361,"loc":{"start":{"line":361,"column":42},"end":{"line":361,"column":86}},"locations":[{"start":{"line":361,"column":42},"end":{"line":361,"column":86}}]},"109":{"type":"branch","line":361,"loc":{"start":{"line":361,"column":87},"end":{"line":361,"column":153}},"locations":[{"start":{"line":361,"column":87},"end":{"line":361,"column":153}}]},"110":{"type":"branch","line":363,"loc":{"start":{"line":363,"column":28},"end":{"line":363,"column":42}},"locations":[{"start":{"line":363,"column":28},"end":{"line":363,"column":42}}]},"111":{"type":"branch","line":363,"loc":{"start":{"line":363,"column":43},"end":{"line":363,"column":67}},"locations":[{"start":{"line":363,"column":43},"end":{"line":363,"column":67}}]},"112":{"type":"branch","line":371,"loc":{"start":{"line":371,"column":2},"end":{"line":395,"column":3}},"locations":[{"start":{"line":371,"column":2},"end":{"line":395,"column":3}}]},"113":{"type":"branch","line":373,"loc":{"start":{"line":373,"column":25},"end":{"line":377,"column":5}},"locations":[{"start":{"line":373,"column":25},"end":{"line":377,"column":5}}]},"114":{"type":"branch","line":377,"loc":{"start":{"line":377,"column":5},"end":{"line":394,"column":5}},"locations":[{"start":{"line":377,"column":5},"end":{"line":394,"column":5}}]},"115":{"type":"branch","line":377,"loc":{"start":{"line":377,"column":34},"end":{"line":386,"column":5}},"locations":[{"start":{"line":377,"column":34},"end":{"line":386,"column":5}}]},"116":{"type":"branch","line":386,"loc":{"start":{"line":386,"column":5},"end":{"line":394,"column":5}},"locations":[{"start":{"line":386,"column":5},"end":{"line":394,"column":5}}]},"117":{"type":"branch","line":389,"loc":{"start":{"line":389,"column":41},"end":{"line":389,"column":45}},"locations":[{"start":{"line":389,"column":41},"end":{"line":389,"column":45}}]},"118":{"type":"branch","line":397,"loc":{"start":{"line":397,"column":2},"end":{"line":422,"column":3}},"locations":[{"start":{"line":397,"column":2},"end":{"line":422,"column":3}}]},"119":{"type":"branch","line":398,"loc":{"start":{"line":398,"column":23},"end":{"line":398,"column":30}},"locations":[{"start":{"line":398,"column":23},"end":{"line":398,"column":30}}]},"120":{"type":"branch","line":398,"loc":{"start":{"line":398,"column":29},"end":{"line":407,"column":29}},"locations":[{"start":{"line":398,"column":29},"end":{"line":407,"column":29}}]},"121":{"type":"branch","line":407,"loc":{"start":{"line":407,"column":29},"end":{"line":415,"column":5}},"locations":[{"start":{"line":407,"column":29},"end":{"line":415,"column":5}}]},"122":{"type":"branch","line":409,"loc":{"start":{"line":409,"column":59},"end":{"line":414,"column":7}},"locations":[{"start":{"line":409,"column":59},"end":{"line":414,"column":7}}]},"123":{"type":"branch","line":412,"loc":{"start":{"line":412,"column":20},"end":{"line":414,"column":7}},"locations":[{"start":{"line":412,"column":20},"end":{"line":414,"column":7}}]},"124":{"type":"branch","line":415,"loc":{"start":{"line":415,"column":4},"end":{"line":421,"column":23}},"locations":[{"start":{"line":415,"column":4},"end":{"line":421,"column":23}}]},"125":{"type":"branch","line":421,"loc":{"start":{"line":421,"column":23},"end":{"line":421,"column":87}},"locations":[{"start":{"line":421,"column":23},"end":{"line":421,"column":87}}]},"126":{"type":"branch","line":424,"loc":{"start":{"line":424,"column":2},"end":{"line":526,"column":3}},"locations":[{"start":{"line":424,"column":2},"end":{"line":526,"column":3}}]},"127":{"type":"branch","line":426,"loc":{"start":{"line":426,"column":27},"end":{"line":426,"column":34}},"locations":[{"start":{"line":426,"column":27},"end":{"line":426,"column":34}}]},"128":{"type":"branch","line":426,"loc":{"start":{"line":426,"column":33},"end":{"line":429,"column":28}},"locations":[{"start":{"line":426,"column":33},"end":{"line":429,"column":28}}]},"129":{"type":"branch","line":429,"loc":{"start":{"line":429,"column":28},"end":{"line":433,"column":5}},"locations":[{"start":{"line":429,"column":28},"end":{"line":433,"column":5}}]},"130":{"type":"branch","line":433,"loc":{"start":{"line":433,"column":4},"end":{"line":438,"column":34}},"locations":[{"start":{"line":433,"column":4},"end":{"line":438,"column":34}}]},"131":{"type":"branch","line":438,"loc":{"start":{"line":438,"column":36},"end":{"line":443,"column":5}},"locations":[{"start":{"line":438,"column":36},"end":{"line":443,"column":5}}]},"132":{"type":"branch","line":443,"loc":{"start":{"line":443,"column":4},"end":{"line":444,"column":25}},"locations":[{"start":{"line":443,"column":4},"end":{"line":444,"column":25}}]},"133":{"type":"branch","line":444,"loc":{"start":{"line":444,"column":25},"end":{"line":455,"column":5}},"locations":[{"start":{"line":444,"column":25},"end":{"line":455,"column":5}}]},"134":{"type":"branch","line":455,"loc":{"start":{"line":455,"column":5},"end":{"line":525,"column":5}},"locations":[{"start":{"line":455,"column":5},"end":{"line":525,"column":5}}]},"135":{"type":"branch","line":455,"loc":{"start":{"line":455,"column":33},"end":{"line":466,"column":5}},"locations":[{"start":{"line":455,"column":33},"end":{"line":466,"column":5}}]},"136":{"type":"branch","line":466,"loc":{"start":{"line":466,"column":31},"end":{"line":470,"column":5}},"locations":[{"start":{"line":466,"column":31},"end":{"line":470,"column":5}}]},"137":{"type":"branch","line":470,"loc":{"start":{"line":470,"column":5},"end":{"line":525,"column":5}},"locations":[{"start":{"line":470,"column":5},"end":{"line":525,"column":5}}]},"138":{"type":"branch","line":470,"loc":{"start":{"line":470,"column":49},"end":{"line":491,"column":5}},"locations":[{"start":{"line":470,"column":49},"end":{"line":491,"column":5}}]},"139":{"type":"branch","line":478,"loc":{"start":{"line":478,"column":22},"end":{"line":484,"column":7}},"locations":[{"start":{"line":478,"column":22},"end":{"line":484,"column":7}}]},"140":{"type":"branch","line":482,"loc":{"start":{"line":482,"column":24},"end":{"line":482,"column":59}},"locations":[{"start":{"line":482,"column":24},"end":{"line":482,"column":59}}]},"141":{"type":"branch","line":482,"loc":{"start":{"line":482,"column":58},"end":{"line":483,"column":43}},"locations":[{"start":{"line":482,"column":58},"end":{"line":483,"column":43}}]},"142":{"type":"branch","line":484,"loc":{"start":{"line":484,"column":7},"end":{"line":490,"column":7}},"locations":[{"start":{"line":484,"column":7},"end":{"line":490,"column":7}}]},"143":{"type":"branch","line":488,"loc":{"start":{"line":488,"column":24},"end":{"line":488,"column":54}},"locations":[{"start":{"line":488,"column":24},"end":{"line":488,"column":54}}]},"144":{"type":"branch","line":491,"loc":{"start":{"line":491,"column":5},"end":{"line":525,"column":5}},"locations":[{"start":{"line":491,"column":5},"end":{"line":525,"column":5}}]},"145":{"type":"branch","line":492,"loc":{"start":{"line":492,"column":23},"end":{"line":495,"column":7}},"locations":[{"start":{"line":492,"column":23},"end":{"line":495,"column":7}}]},"146":{"type":"branch","line":495,"loc":{"start":{"line":495,"column":7},"end":{"line":498,"column":7}},"locations":[{"start":{"line":495,"column":7},"end":{"line":498,"column":7}}]},"147":{"type":"branch","line":500,"loc":{"start":{"line":500,"column":22},"end":{"line":500,"column":57}},"locations":[{"start":{"line":500,"column":22},"end":{"line":500,"column":57}}]},"148":{"type":"branch","line":500,"loc":{"start":{"line":500,"column":56},"end":{"line":515,"column":7}},"locations":[{"start":{"line":500,"column":56},"end":{"line":515,"column":7}}]},"149":{"type":"branch","line":502,"loc":{"start":{"line":502,"column":51},"end":{"line":513,"column":9}},"locations":[{"start":{"line":502,"column":51},"end":{"line":513,"column":9}}]},"150":{"type":"branch","line":505,"loc":{"start":{"line":505,"column":36},"end":{"line":505,"column":94}},"locations":[{"start":{"line":505,"column":36},"end":{"line":505,"column":94}}]},"151":{"type":"branch","line":506,"loc":{"start":{"line":506,"column":95},"end":{"line":506,"column":153}},"locations":[{"start":{"line":506,"column":95},"end":{"line":506,"column":153}}]},"152":{"type":"branch","line":509,"loc":{"start":{"line":509,"column":41},"end":{"line":509,"column":50}},"locations":[{"start":{"line":509,"column":41},"end":{"line":509,"column":50}}]},"153":{"type":"branch","line":510,"loc":{"start":{"line":510,"column":11},"end":{"line":512,"column":11}},"locations":[{"start":{"line":510,"column":11},"end":{"line":512,"column":11}}]},"154":{"type":"branch","line":517,"loc":{"start":{"line":517,"column":53},"end":{"line":517,"column":64}},"locations":[{"start":{"line":517,"column":53},"end":{"line":517,"column":64}}]},"155":{"type":"branch","line":517,"loc":{"start":{"line":517,"column":65},"end":{"line":517,"column":106}},"locations":[{"start":{"line":517,"column":65},"end":{"line":517,"column":106}}]},"156":{"type":"branch","line":517,"loc":{"start":{"line":517,"column":147},"end":{"line":517,"column":159}},"locations":[{"start":{"line":517,"column":147},"end":{"line":517,"column":159}}]},"157":{"type":"branch","line":517,"loc":{"start":{"line":517,"column":160},"end":{"line":517,"column":173}},"locations":[{"start":{"line":517,"column":160},"end":{"line":517,"column":173}}]},"158":{"type":"branch","line":518,"loc":{"start":{"line":518,"column":22},"end":{"line":521,"column":7}},"locations":[{"start":{"line":518,"column":22},"end":{"line":521,"column":7}}]},"159":{"type":"branch","line":519,"loc":{"start":{"line":519,"column":55},"end":{"line":520,"column":43}},"locations":[{"start":{"line":519,"column":55},"end":{"line":520,"column":43}}]},"160":{"type":"branch","line":521,"loc":{"start":{"line":521,"column":7},"end":{"line":524,"column":7}},"locations":[{"start":{"line":521,"column":7},"end":{"line":524,"column":7}}]},"161":{"type":"branch","line":522,"loc":{"start":{"line":522,"column":25},"end":{"line":522,"column":51}},"locations":[{"start":{"line":522,"column":25},"end":{"line":522,"column":51}}]},"162":{"type":"branch","line":522,"loc":{"start":{"line":522,"column":50},"end":{"line":523,"column":38}},"locations":[{"start":{"line":522,"column":50},"end":{"line":523,"column":38}}]},"163":{"type":"branch","line":528,"loc":{"start":{"line":528,"column":2},"end":{"line":537,"column":3}},"locations":[{"start":{"line":528,"column":2},"end":{"line":537,"column":3}}]},"164":{"type":"branch","line":530,"loc":{"start":{"line":530,"column":21},"end":{"line":536,"column":5}},"locations":[{"start":{"line":530,"column":21},"end":{"line":536,"column":5}}]},"165":{"type":"branch","line":531,"loc":{"start":{"line":531,"column":35},"end":{"line":531,"column":45}},"locations":[{"start":{"line":531,"column":35},"end":{"line":531,"column":45}}]},"166":{"type":"branch","line":531,"loc":{"start":{"line":531,"column":44},"end":{"line":535,"column":20}},"locations":[{"start":{"line":531,"column":44},"end":{"line":535,"column":20}}]},"167":{"type":"branch","line":532,"loc":{"start":{"line":532,"column":40},"end":{"line":532,"column":49}},"locations":[{"start":{"line":532,"column":40},"end":{"line":532,"column":49}}]},"168":{"type":"branch","line":532,"loc":{"start":{"line":532,"column":48},"end":{"line":535,"column":20}},"locations":[{"start":{"line":532,"column":48},"end":{"line":535,"column":20}}]},"169":{"type":"branch","line":533,"loc":{"start":{"line":533,"column":30},"end":{"line":533,"column":40}},"locations":[{"start":{"line":533,"column":30},"end":{"line":533,"column":40}}]},"170":{"type":"branch","line":533,"loc":{"start":{"line":533,"column":39},"end":{"line":535,"column":20}},"locations":[{"start":{"line":533,"column":39},"end":{"line":535,"column":20}}]},"171":{"type":"branch","line":534,"loc":{"start":{"line":534,"column":38},"end":{"line":535,"column":20}},"locations":[{"start":{"line":534,"column":38},"end":{"line":535,"column":20}}]},"172":{"type":"branch","line":539,"loc":{"start":{"line":539,"column":2},"end":{"line":549,"column":3}},"locations":[{"start":{"line":539,"column":2},"end":{"line":549,"column":3}}]},"173":{"type":"branch","line":541,"loc":{"start":{"line":541,"column":43},"end":{"line":541,"column":68}},"locations":[{"start":{"line":541,"column":43},"end":{"line":541,"column":68}}]},"174":{"type":"branch","line":541,"loc":{"start":{"line":541,"column":75},"end":{"line":548,"column":5}},"locations":[{"start":{"line":541,"column":75},"end":{"line":548,"column":5}}]},"175":{"type":"branch","line":543,"loc":{"start":{"line":543,"column":36},"end":{"line":543,"column":67}},"locations":[{"start":{"line":543,"column":36},"end":{"line":543,"column":67}}]},"176":{"type":"branch","line":543,"loc":{"start":{"line":543,"column":74},"end":{"line":547,"column":7}},"locations":[{"start":{"line":543,"column":74},"end":{"line":547,"column":7}}]},"177":{"type":"branch","line":544,"loc":{"start":{"line":544,"column":32},"end":{"line":544,"column":86}},"locations":[{"start":{"line":544,"column":32},"end":{"line":544,"column":86}}]},"178":{"type":"branch","line":544,"loc":{"start":{"line":544,"column":88},"end":{"line":544,"column":100}},"locations":[{"start":{"line":544,"column":88},"end":{"line":544,"column":100}}]},"179":{"type":"branch","line":551,"loc":{"start":{"line":551,"column":2},"end":{"line":567,"column":3}},"locations":[{"start":{"line":551,"column":2},"end":{"line":567,"column":3}}]},"180":{"type":"branch","line":558,"loc":{"start":{"line":558,"column":6},"end":{"line":558,"column":17}},"locations":[{"start":{"line":558,"column":6},"end":{"line":558,"column":17}}]},"181":{"type":"branch","line":559,"loc":{"start":{"line":559,"column":6},"end":{"line":562,"column":27}},"locations":[{"start":{"line":559,"column":6},"end":{"line":562,"column":27}}]},"182":{"type":"branch","line":562,"loc":{"start":{"line":562,"column":29},"end":{"line":565,"column":5}},"locations":[{"start":{"line":562,"column":29},"end":{"line":565,"column":5}}]}},"b":{"0":[26],"1":[12],"2":[3],"3":[3],"4":[3],"5":[28],"6":[2],"7":[26],"8":[2],"9":[3],"10":[7],"11":[0],"12":[3],"13":[0],"14":[2],"15":[8],"16":[26],"17":[55],"18":[55],"19":[6],"20":[4],"21":[2],"22":[8],"23":[5],"24":[5],"25":[3],"26":[0],"27":[4],"28":[4],"29":[49],"30":[55],"31":[6],"32":[2],"33":[8],"34":[5],"35":[3],"36":[49],"37":[56],"38":[51],"39":[5],"40":[23],"41":[9],"42":[33],"43":[2],"44":[31],"45":[1],"46":[30],"47":[1],"48":[29],"49":[29],"50":[26],"51":[3],"52":[29],"53":[3],"54":[26],"55":[55],"56":[26],"57":[29],"58":[26],"59":[5],"60":[26],"61":[96],"62":[26],"63":[70],"64":[17],"65":[70],"66":[30],"67":[30],"68":[5],"69":[0],"70":[0],"71":[0],"72":[65],"73":[0],"74":[70],"75":[70],"76":[62],"77":[8],"78":[16],"79":[8],"80":[5],"81":[8],"82":[26],"83":[26],"84":[2],"85":[29],"86":[8],"87":[3],"88":[26],"89":[55],"90":[91],"91":[96],"92":[55],"93":[5],"94":[917],"95":[90],"96":[827],"97":[59],"98":[254],"99":[153],"100":[101],"101":[88],"102":[13],"103":[8],"104":[5],"105":[6],"106":[5],"107":[1],"108":[5],"109":[1],"110":[5],"111":[1],"112":[8],"113":[5],"114":[3],"115":[2],"116":[1],"117":[0],"118":[29],"119":[26],"120":[3],"121":[1],"122":[2],"123":[1],"124":[3],"125":[2],"126":[96],"127":[4],"128":[92],"129":[2],"130":[92],"131":[0],"132":[92],"133":[1],"134":[91],"135":[0],"136":[1],"137":[90],"138":[25],"139":[13],"140":[12],"141":[1],"142":[12],"143":[0],"144":[65],"145":[48],"146":[17],"147":[40],"148":[25],"149":[5],"150":[0],"151":[0],"152":[0],"153":[0],"154":[48],"155":[17],"156":[48],"157":[17],"158":[17],"159":[0],"160":[48],"161":[31],"162":[17],"163":[28],"164":[104],"165":[14],"166":[90],"167":[43],"168":[47],"169":[1],"170":[46],"171":[0],"172":[28],"173":[60],"174":[58],"175":[131],"176":[101],"177":[46],"178":[16],"179":[91],"180":[5],"181":[5],"182":[0]},"fnMap":{"0":{"name":"graph","decl":{"start":{"line":14,"column":7},"end":{"line":641,"column":1}},"loc":{"start":{"line":14,"column":7},"end":{"line":641,"column":1}},"line":14},"1":{"name":"reset","decl":{"start":{"line":28,"column":2},"end":{"line":41,"column":3}},"loc":{"start":{"line":28,"column":2},"end":{"line":41,"column":3}},"line":28},"2":{"name":"init","decl":{"start":{"line":43,"column":2},"end":{"line":124,"column":3}},"loc":{"start":{"line":43,"column":2},"end":{"line":124,"column":3}},"line":43},"3":{"name":"drawLifes","decl":{"start":{"line":45,"column":4},"end":{"line":68,"column":5}},"loc":{"start":{"line":45,"column":4},"end":{"line":68,"column":5}},"line":45},"4":{"name":"drawObjs","decl":{"start":{"line":70,"column":4},"end":{"line":112,"column":5}},"loc":{"start":{"line":70,"column":4},"end":{"line":112,"column":5}},"line":70},"5":{"name":"creation","decl":{"start":{"line":71,"column":22},"end":{"line":94,"column":7}},"loc":{"start":{"line":71,"column":22},"end":{"line":94,"column":7}},"line":71},"6":{"name":"layoutFrame","decl":{"start":{"line":126,"column":2},"end":{"line":148,"column":3}},"loc":{"start":{"line":126,"column":2},"end":{"line":148,"column":3}},"line":126},"7":{"name":"layoutFrames","decl":{"start":{"line":150,"column":2},"end":{"line":156,"column":3}},"loc":{"start":{"line":150,"column":2},"end":{"line":156,"column":3}},"line":150},
[...]
lumn":66}}]},"217":{"type":"branch","line":869,"loc":{"start":{"line":869,"column":10},"end":{"line":869,"column":31}},"locations":[{"start":{"line":869,"column":10},"end":{"line":869,"column":31}}]},"218":{"type":"branch","line":869,"loc":{"start":{"line":869,"column":32},"end":{"line":869,"column":51}},"locations":[{"start":{"line":869,"column":32},"end":{"line":869,"column":51}}]},"219":{"type":"branch","line":869,"loc":{"start":{"line":869,"column":52},"end":{"line":869,"column":73}},"locations":[{"start":{"line":869,"column":52},"end":{"line":869,"column":73}}]},"220":{"type":"branch","line":870,"loc":{"start":{"line":870,"column":10},"end":{"line":870,"column":29}},"locations":[{"start":{"line":870,"column":10},"end":{"line":870,"column":29}}]},"221":{"type":"branch","line":870,"loc":{"start":{"line":870,"column":30},"end":{"line":870,"column":46}},"locations":[{"start":{"line":870,"column":30},"end":{"line":870,"column":46}}]},"222":{"type":"branch","line":870,"loc":{"start":{"line":870,"column":47},"end":{"line":870,"column":65}},"locations":[{"start":{"line":870,"column":47},"end":{"line":870,"column":65}}]},"223":{"type":"branch","line":870,"loc":{"start":{"line":870,"column":68},"end":{"line":874,"column":9}},"locations":[{"start":{"line":870,"column":68},"end":{"line":874,"column":9}}]},"224":{"type":"branch","line":874,"loc":{"start":{"line":874,"column":9},"end":{"line":878,"column":9}},"locations":[{"start":{"line":874,"column":9},"end":{"line":878,"column":9}}]},"225":{"type":"branch","line":874,"loc":{"start":{"line":874,"column":41},"end":{"line":876,"column":9}},"locations":[{"start":{"line":874,"column":41},"end":{"line":876,"column":9}}]},"226":{"type":"branch","line":876,"loc":{"start":{"line":876,"column":9},"end":{"line":878,"column":9}},"locations":[{"start":{"line":876,"column":9},"end":{"line":878,"column":9}}]},"227":{"type":"branch","line":879,"loc":{"start":{"line":879,"column":7},"end":{"line":904,"column":7}},"locations":[{"start":{"line":879,"column":7},"end":{"line":904,"column":7}}]},"228":{"type":"branch","line":881,"loc":{"start":{"line":881,"column":34},"end":{"line":886,"column":9}},"locations":[{"start":{"line":881,"column":34},"end":{"line":886,"column":9}}]},"229":{"type":"branch","line":882,"loc":{"start":{"line":882,"column":58},"end":{"line":884,"column":11}},"locations":[{"start":{"line":882,"column":58},"end":{"line":884,"column":11}}]},"230":{"type":"branch","line":886,"loc":{"start":{"line":886,"column":9},"end":{"line":903,"column":9}},"locations":[{"start":{"line":886,"column":9},"end":{"line":903,"column":9}}]},"231":{"type":"branch","line":886,"loc":{"start":{"line":886,"column":63},"end":{"line":891,"column":9}},"locations":[{"start":{"line":886,"column":63},"end":{"line":891,"column":9}}]},"232":{"type":"branch","line":887,"loc":{"start":{"line":887,"column":57},"end":{"line":889,"column":11}},"locations":[{"start":{"line":887,"column":57},"end":{"line":889,"column":11}}]},"233":{"type":"branch","line":891,"loc":{"start":{"line":891,"column":9},"end":{"line":903,"column":9}},"locations":[{"start":{"line":891,"column":9},"end":{"line":903,"column":9}}]},"234":{"type":"branch","line":891,"loc":{"start":{"line":891,"column":64},"end":{"line":896,"column":9}},"locations":[{"start":{"line":891,"column":64},"end":{"line":896,"column":9}}]},"235":{"type":"branch","line":892,"loc":{"start":{"line":892,"column":58},"end":{"line":894,"column":11}},"locations":[{"start":{"line":892,"column":58},"end":{"line":894,"column":11}}]},"236":{"type":"branch","line":896,"loc":{"start":{"line":896,"column":9},"end":{"line":903,"column":9}},"locations":[{"start":{"line":896,"column":9},"end":{"line":903,"column":9}}]},"237":{"type":"branch","line":896,"loc":{"start":{"line":896,"column":33},"end":{"line":896,"column":46}},"locations":[{"start":{"line":896,"column":33},"end":{"line":896,"column":46}}]},"238":{"type":"branch","line":896,"loc":{"start":{"line":896,"column":47},"end":{"line":896,"column":77}},"locations":[{"start":{"line":896,"column":47},"end":{"line":896,"column":77}}]},"239":{"type":"branch","line":896,"loc":{"start":{"line":896,"column":79},"end":{"line":898,"column":9}},"locations":[{"start":{"line":896,"column":79},"end":{"line":898,"column":9}}]},"240":{"type":"branch","line":898,"loc":{"start":{"line":898,"column":9},"end":{"line":903,"column":9}},"locations":[{"start":{"line":898,"column":9},"end":{"line":903,"column":9}}]},"241":{"type":"branch","line":899,"loc":{"start":{"line":899,"column":58},"end":{"line":901,"column":11}},"locations":[{"start":{"line":899,"column":58},"end":{"line":901,"column":11}}]}},"b":{"0":[30],"1":[247],"2":[10],"3":[108],"4":[103],"5":[112],"6":[84],"7":[105],"8":[5],"9":[2012],"10":[8044],"11":[3032],"12":[5012],"13":[0],"14":[5012],"15":[3012],"16":[2000],"17":[102],"18":[92],"19":[6],"20":[96],"21":[261],"22":[96],"23":[261],"24":[2263],"25":[2004],"26":[2000],"27":[4],"28":[27],"29":[320],"30":[317],"31":[3],"32":[317],"33":[158],"34":[159],"35":[8],"36":[151],"37":[70],"38":[7],"39":[4],"40":[3],"41":[1],"42":[2],"43":[144],"44":[11],"45":[6],"46":[4],"47":[2],"48":[1],"49":[124],"50":[118],"51":[80],"52":[112],"53":[72],"54":[38],"55":[16],"56":[4],"57":[4],"58":[4],"59":[105],"60":[50],"61":[19],"62":[5],"63":[5],"64":[5],"65":[45],"66":[105],"67":[88],"68":[27],"69":[61],"70":[86],"71":[0],"72":[111],"73":[11],"74":[100],"75":[85],"76":[4],"77":[96],"78":[2],"79":[0],"80":[5],"81":[1],"82":[4],"83":[3],"84":[4],"85":[5],"86":[5],"87":[5],"88":[17],"89":[3],"90":[15],"91":[14],"92":[13],"93":[13],"94":[13],"95":[13],"96":[13],"97":[14],"98":[2],"99":[12],"100":[17],"101":[18],"102":[0],"103":[21],"104":[2],"105":[19],"106":[8],"107":[1],"108":[1],"109":[5],"110":[6],"111":[29],"112":[16],"113":[4],"114":[12],"115":[12],"116":[1],"117":[11],"118":[0],"119":[4],"120":[12],"121":[26],"122":[28],"123":[19],"124":[1],"125":[2],"126":[0],"127":[1],"128":[23],"129":[27],"130":[2],"131":[5],"132":[3],"133":[25],"134":[0],"135":[27],"136":[17],"137":[0],"138":[27],"139":[0],"140":[0],"141":[1],"142":[1],"143":[0],"144":[1],"145":[0],"146":[0],"147":[5],"148":[5],"149":[0],"150":[5],"151":[0],"152":[0],"153":[0],"154":[0],"155":[3],"156":[3],"157":[0],"158":[3],"159":[0],"160":[0],"161":[0],"162":[0],"163":[1],"164":[2],"165":[2],"166":[1],"167":[2],"168":[2],"169":[2],"170":[2],"171":[0],"172":[0],"173":[0],"174":[2],"175":[2],"176":[0],"177":[0],"178":[0],"179":[5],"180":[5],"181":[3],"182":[3],"183":[111],"184":[98],"185":[50],"186":[36],"187":[3],"188":[47],"189":[33],"190":[7],"191":[5],"192":[42],"193":[28],"194":[1],"195":[41],"196":[27],"197":[0],"198":[27],"199":[25],"200":[3],"201":[3],"202":[38],"203":[24],"204":[5],"205":[5],"206":[33],"207":[14],"208":[13],"209":[13],"210":[13],"211":[1],"212":[2],"213":[2],"214":[32],"215":[13],"216":[12],"217":[11],"218":[11],"219":[11],"220":[11],"221":[11],"222":[11],"223":[2],"224":[30],"225":[1],"226":[29],"227":[48],"228":[23],"229":[0],"230":[25],"231":[5],"232":[1],"233":[20],"234":[2],"235":[0],"236":[18],"237":[1],"238":[1],"239":[1],"240":[17],"241":[0]},"fnMap":{"0":{"name":"buildNodes","decl":{"start":{"line":11,"column":7},"end":{"line":916,"column":1}},"loc":{"start":{"line":11,"column":7},"end":{"line":916,"column":1}},"line":11},"1":{"name":"mark","decl":{"start":{"line":15,"column":2},"end":{"line":17,"column":3}},"loc":{"start":{"line":15,"column":2},"end":{"line":17,"column":3}},"line":15},"2":{"name":"markN","decl":{"start":{"line":19,"column":2},"end":{"line":21,"column":3}},"loc":{"start":{"line":19,"column":2},"end":{"line":21,"column":3}},"line":19},"3":{"name":"line","decl":{"start":{"line":23,"column":2},"end":{"line":27,"column":3}},"loc":{"start":{"line":23,"column":2},"end":{"line":27,"column":3}},"line":23},"4":{"name":"minmax","decl":{"start":{"line":29,"column":2},"end":{"line":46,"column":3}},"loc":{"start":{"line":29,"column":2},"end":{"line":46,"column":3}},"line":29},"5":{"name":"countInvocationsAt","decl":{"start":{"line":48,"column":2},"end":{"line":58,"column":3}},"loc":{"start":{"line":48,"column":2},"end":{"line":58,"column":3}},"line":48},"6":{"name":"layoutLater","decl":{"start":{"line":60,"column":2},"end":{"line":74,"column":3}},"loc":{"start":{"line":60,"column":2},"end":{"line":74,"column":3}},"line":60},"7":{"name":"layoutObjLater","decl":{"start":{"line":76,"column":2},"end":{"line":88,"column":3}},"loc":{"start":{"line":76,"column":2},"end":{"line":88,"column":3}},"line":76},"8":{"name":"countLinesUnder","decl":{"start":{"line":90,"column":2},"end":{"line":112,"column":3}},"loc":{"start":{"line":90,"column":2},"end":{"line":112,"column":3}},"line":90},"9":{"name":"LayoutNode","decl":{"start":{"line":120,"column":4},"end":{"line":127,"column":5}},"loc":{"start":{"line":120,"column":4},"end":{"line":127,"column":5}},"line":120},"10":{"name":"inheritFrameContext","decl":{"start":{"line":128,"column":4},"end":{"line":133,"column":5}},"loc":{"start":{"line":128,"column":4},"end":{"line":133,"column":5}},"line":128},"11":{"name":"computeMinMax","decl":{"start":{"line":134,"column":4},"end":{"line":138,"column":5}},"loc":{"start":{"line":134,"column":4},"end":{"line":138,"column":5}},"line":134},"12":{"name":"extractReturns","decl":{"start":{"line":140,"column":4},"end":{"line":150,"column":5}},"loc":{"start":{"line":140,"column":4},"end":{"line":150,"column":5}},"line":140},"13":{"name":"extractLater","decl":{"start":{"line":153,"column":4},"end":{"line":169,"column":5}},"loc":{"start":{"line":153,"column":4},"end":{"line":169,"column":5}},"line":153},"14":{"name":"layoutChildren","decl":{"start":{"line":170,"column":4},"end":{"line":181,"column":5}},"loc":{"start":{"line":170,"column":4},"end":{"line":181,"column":5}},"line":170},"15":{"name":"text","decl":{"start":{"line":182,"column":4},"end":{"line":184,"column":5}},"loc":{"start":{"line":182,"column":4},"end":{"line":184,"column":5}},"line":182},"16":{"name":"check","decl":{"start":{"line":185,"column":4},"end":{"line":191,"column":5}},"loc":{"start":{"line":185,"column":4},"end":{"line":191,"column":5}},"line":185},"17":{"name":"findMaxY","decl":{"start":{"line":192,"column":4},"end":{"line":200,"column":5}},"loc":{"start":{"line":192,"column":4},"end":{"line":200,"column":5}},"line":192},"18":{"name":"findMaxY","decl":{"start":{"line":205,"column":4},"end":{"line":212,"column":5}},"loc":{"start":{"line":205,"column":4},"end":{"line":212,"column":5}},"line":205},"19":{"name":"Note","decl":{"start":{"line":216,"column":4},"end":{"line":218,"column":5}},"loc":{"start":{"line":216,"column":4},"end":{"line":218,"column":5}},"line":216},"20":{"name":"layout","decl":{"start":{"line":219,"column":4},"end":{"line":222,"column":5}},"loc":{"start":{"line":219,"column":4},"end":{"line":222,"column":5}},"line":219},"21":{"name":"draw","decl":{"start":{"line":223,"column":4},"end":{"line":225,"column":5}},"loc":{"start":{"line":223,"column":4},"end":{"line":225,"column":5}},"line":223},"22":{"name":"parseParams","decl":{"start":{"line":227,"column":11},"end":{"line":244,"column":5}},"loc":{"start":{"line":227,"column":11},"end":{"line":244,"column":5}},"line":227},"23":{"name":"FoundMessage","decl":{"start":{"line":248,"column":4},"end":{"line":253,"column":5}},"loc":{"start":{"line":248,"column":4},"end":{"line":253,"column":5}},"line":248},"24":{"name":"text","decl":{"start":{"line":254,"column":4},"end":{"line":256,"column":5}},"loc":{"start":{"line":254,"column":4},"end":{"line":256,"column":5}},"line":254},"25":{"name":"layout","decl":{"start":{"line":257,"column":4},"end":{"line":263,"column":5}},"loc":{"start":{"line":257,"column":4},"end":{"line":263,"column":5}},"line":257},"26":{"name":"Message","decl":{"start":{"line":267,"column":4},"end":{"line":275,"column":5}},"loc":{"start":{"line":267,"column":4},"end":{"line":275,"column":5}},"line":267},"27":{"name":"check","decl":{"start":{"line":276,"column":4},"end":{"line":291,"column":5}},"loc":{"start":{"line":276,"column":4},"end":{"line":291,"column":5}},"line":276},"28":{"name":"layout","decl":{"start":{"line":292,"column":4},"end":{"line":306,"column":5}},"loc":{"start":{"line":292,"column":4},"end":{"line":306,"column":5}},"line":292},"29":{"name":"RefMessage","decl":{"start":{"line":310,"column":4},"end":{"line":324,"column":5}},"loc":{"start":{"line":310,"column":4},"end":{"line":324,"column":5}},"line":310},"30":{"name":"layout","decl":{"start":{"line":325,"column":4},"end":{"line":336,"column":5}},"loc":{"start":{"line":325,"column":4},"end":{"line":336,"column":5}},"line":325},"31":{"name":"Pause","decl":{"start":{"line":340,"column":4},"end":{"line":345,"column":5}},"loc":{"start":{"line":340,"column":4},"end":{"line":345,"column":5}},"line":340},"32":{"name":"text","decl":{"start":{"line":346,"column":4},"end":{"line":348,"column":5}},"loc":{"start":{"line":346,"column":4},"end":{"line":348,"column":5}},"line":346},"33":{"name":"layout","decl":{"start":{"line":349,"column":4},"end":{"line":353,"column":5}},"loc":{"start":{"line":349,"column":4},"end":{"line":353,"column":5}},"line":349},"34":{"name":"SelfMessage","decl":{"start":{"line":357,"column":4},"end":{"line":365,"column":5}},"loc":{"start":{"line":357,"column":4},"end":{"line":365,"column":5}},"line":357},"35":{"name":"layout","decl":{"start":{"line":366,"column":4},"end":{"line":393,"column":5}},"loc":{"start":{"line":366,"column":4},"end":{"line":393,"column":5}},"line":366},"36":{"name":"Root","decl":{"start":{"line":397,"column":4},"end":{"line":409,"column":5}},"loc":{"start":{"line":397,"column":4},"end":{"line":409,"column":5}},"line":397},"37":{"name":"layout","decl":{"start":{"line":410,"column":4},"end":{"line":424,"column":5}},"loc":{"start":{"line":410,"column":4},"end":{"line":424,"column":5}},"line":410},"38":{"name":"LostMessage","decl":{"start":{"line":428,"column":4},"end":{"line":433,"column":5}},"loc":{"start":{"line":428,"column":4},"end":{"line":433,"column":5}},"line":428},"39":{"name":"text","decl":{"start":{"line":434,"column":4},"end":{"line":436,"column":5}},"loc":{"start":{"line":434,"column":4},"end":{"line":436,"column":5}},"line":434},"40":{"name":"layout","decl":{"start":{"line":437,"column":4},"end":{"line":443,"column":5}},"loc":{"start":{"line":437,"column":4},"end":{"line":443,"column":5}},"line":437},"41":{"name":"AsynchMessage","decl":{"start":{"line":447,"column":4},"end":{"line":454,"column":5}},"loc":{"start":{"line":447,"column":4},"end":{"line":454,"column":5}},"line":447},"42":{"name":"check","decl":{"start":{"line":455,"column":4},"end":{"line":489,"column":5}},"loc":{"start":{"line":455,"column":4},"end":{"line":489,"column":5}},"line":455},"43":{"name":"layout","decl":{"start":{"line":490,"column":4},"end":{"line":506,"column":5}},"loc":{"start":{"line":490,"column":4},"end":{"line":506,"column":5}},"line":490},"44":{"name":"deferredLayout","decl":{"start":{"line":507,"column":4},"end":{"line":518,"column":5}},"loc":{"start":{"line":507,"column":4},"end":{"line":518,"column":5}},"line":507},"45":{"name":"AsynchSelfMessage","decl":{"start":{"line":522,"column":4},"end":{"line":529,"column":5}},"loc":{"start":{"line":522,"column":4},"end":{"line":529,"column":5}},"line":522},"46":{"name":"layout","decl":{"start":{"line":530,"column":4},"end":{"line":546,"column":5}},"loc":{"start":{"line":530,"column":4},"end":{"line":546,"column":5}},"line":530},"47":{"name":"deferredLayout","decl":{"start":{"line":547,"column":4},"end":{"line":558,"column":5}},"loc":{"start":{"line":547,"column":4},"end":{"line":558,"column":5}},"line":547},"48":{"name":"Create","decl":{"start":{"line":562,"column":4},"end":{"line":569,"column":5}},"loc":{"start":{"line":562,"column":4},"end":{"line":569,"column":5}},"line":562},"49":{"name":"text","decl":{"start":{"line":570,"column":4},"end":{"line":572,"column":5}},"loc":{"start":{"line":570,"column":4},"end":{"line":572,"column":5}},"line":570},"50":{"name":"layout","decl":{"start":{"line":573,"column":4},"end":{"line":602,"column":5}},"loc":{"start":{"line":573,"column":4},"end":{"line":602,"column":5}},"line":573},"51":{"name":"Destroy","decl":{"start":{"line":606,"column":4},"end":{"line":612,"column":5}},"loc":{"start":{"line":606,"column":4},"end":{"line":612,"column":5}},"line":606},"52":{"name":"text","decl":{"start":{"line":613,"column":4},"end":{"line":615,"column":5}},"loc":{"start":{"line":613,"column":4},"end":{"line":615,"column":5}},"line":613},"53":{"name":"layout","decl":{"start":{"line":616,"column":4},"end":{"line":638,"column":5}},"loc":{"start":{"line":616,"column":4},"end":{"line":638,"column":5}},"line":616},"54":{"name":"MultiFrame","decl":{"start":{"line":642,"column":4},"end":{"line":661,"column":5}},"loc":{"start":{"line":642,"column":4},"end":{"line":661,"column":5}},"line":642},"55":{"name":"text","decl":{"start":{"line":662,"column":4},"end":{"line":664,"column":5}},"loc":{"start":{"line":662,"column":4},"end":{"line":664,"column":5}},"line":662},"56":{"name":"layout","decl":{"start":{"line":665,"column":4},"end":{"line":682,"column":5}},"loc":{"start":{"line":665,"column":4},"end":{"line":682,"column":5}},"line":665},"57":{"name":"MultiFramePart","decl":{"start":{"line":686,"column":4},"end":{"line":693,"column":5}},"loc":{"start":{"line":686,"column":4},"end":{"line":693,"column":5}},"line":686},"58":{"name":"text","decl":{"start":{"line":694,"column":4},"end":{"line":696,"column":5}},"loc":{"start":{"line":694,"column":4},"end":{"line":696,"column":5}},"line":694},"59":{"name":"layout","decl":{"start":{"line":697,"column":4},"end":{"line":724,"column":5}},"loc":{"start":{"line":697,"column":4},"end":{"line":724,"column":5}},"line":697},"60":{"name":"Frame","decl":{"start":{"line":728,"column":4},"end":{"line":739,"column":5}},"loc":{"start":{"line":728,"column":4},"end":{"line":739,"column":5}},"line":728},"61":{"name":"text","decl":{"start":{"line":740,"column":4},"end":{"line":742,"column":5}},"loc":{"start":{"line":740,"column":4},"end":{"line":742,"column":5}},"line":740},"62":{"name":"layout","decl":{"start":{"line":743,"column":4},"end":{"line":776,"column":5}},"loc":{"start":{"line":743,"column":4},"end":{"line":776,"column":5}},"line":743},"63":{"name":"RefLabel","decl":{"start":{"line":780,"column":4},"end":{"line":796,"column":5}},"loc":{"start":{"line":780,"column":4},"end":{"line":796,"column":5}},"line":780},"64":{"name":"text","decl":{"start":{"line":797,"column":4},"end":{"line":799,"column":5}},"loc":{"start":{"line":797,"column":4},"end":{"line":799,"column":5}},"line":797},"65":{"name":"layout","decl":{"start":{"line":800,"column":4},"end":{"line":808,"column":5}},"loc":{"start":{"line":800,"column":4},"end":{"line":808,"column":5}},"line":800},"66":{"name":"Label","decl":{"start":{"line":812,"column":4},"end":{"line":819,"column":5}},"loc":{"start":{"line":812,"column":4},"end":{"line":819,"column":5}},"line":812},"67":{"name":"text","decl":{"start":{"line":820,"column":4},"end":{"line":822,"column":5}},"loc":{"start":{"line":820,"column":4},"end":{"line":822,"column":5}},"line":820},"68":{"name":"layout","decl":{"start":{"line":823,"column":4},"end":{"line":834,"column":5}},"loc":{"start":{"line":823,"column":4},"end":{"line":834,"column":5}},"line":823},"69":{"name":"createNodes","decl":{"start":{"line":837,"column":2},"end":{"line":907,"column":3}},"loc":{"start":{"line":837,"column":2},"end":{"line":907,"column":3}},"line":837}},"f":{"0":30,"1":247,"2":10,"3":108,"4":112,"5":2012,"6":102,"7":261,"8":27,"9":124,"10":80,"11":112,"12":72,"13":105,"14":105,"15":86,"16":111,"17":2,"18":5,"19":5,"20":5,"21":5,"22":17,"23":0,"24":0,"25":0,"26":17,"27":18,"28":21,"29":1,"30":1,"31":5,"32":0,"33":6,"34":29,"35":16,"36":26,"37":28,"38":1,"39":2,"40":1,"41":23,"42":27,"43":27,"44":27,"45":1,"46":1,"47":1,"48":5,"49":5,"50":5,"51":3,"52":3,"53":3,"54":1,"55":0,"56":1,"57":2,"58":0,"59":2,"60":2,"61":0,"62":2,"63":5,"64":0,"65":5,"66":3,"67":0,"68":3,"69":111}}
}
